<?xml version="1.0" encoding="UTF-8"?>
<robot generator="Robot 6.0.2 (Python 3.11.3 on win32)" generated="20230420 15:20:11.196" rpa="false" schemaversion="3">
<suite id="s1" name="Ex1 with Python Function" source="d:\ptdat-batch40\Develop-testcase-on-Robot-Framework\Ex1 with Python Function.robot">
<kw name="Open Connection And Log In" type="SETUP">
<kw name="Init" library="function">
<status status="PASS" starttime="20230420 15:20:11.900" endtime="20230420 15:20:11.900"/>
</kw>
<kw name="Connect" library="function">
<arg>${HOST}</arg>
<arg>${USERNAME}</arg>
<arg>${PASSWORD}</arg>
<status status="PASS" starttime="20230420 15:20:11.901" endtime="20230420 15:20:12.206"/>
</kw>
<kw name="Shell Init" library="function">
<status status="PASS" starttime="20230420 15:20:12.206" endtime="20230420 15:20:13.929"/>
</kw>
<status status="PASS" starttime="20230420 15:20:11.900" endtime="20230420 15:20:13.929"/>
</kw>
<test id="s1-t1" name="Execute Command And Verify Output 3" line="33">
<kw name="Write Cmd With Prompt" library="function">
<arg>cli&gt;</arg>
<arg>sosagent vca login VCA</arg>
<status status="PASS" starttime="20230420 15:20:13.930" endtime="20230420 15:20:17.374"/>
</kw>
<kw name="Read Until The Prompt" library="function">
<var>${output}</var>
<arg>cli&gt;</arg>
<msg timestamp="20230420 15:20:17.835" level="INFO">${output} = sosagent vca login VCA
Logging into: VCA 0
Insufficient or invalid privclass. Cannot log in.  Error Code = 2
cli&gt;</msg>
<status status="PASS" starttime="20230420 15:20:17.376" endtime="20230420 15:20:17.836"/>
</kw>
<kw name="Log" library="BuiltIn">
<arg>${output}</arg>
<doc>Logs the given message with the given level.</doc>
<msg timestamp="20230420 15:20:17.838" level="INFO">sosagent vca login VCA
Logging into: VCA 0
Insufficient or invalid privclass. Cannot log in.  Error Code = 2
cli&gt;</msg>
<status status="PASS" starttime="20230420 15:20:17.838" endtime="20230420 15:20:17.840"/>
</kw>
<kw name="Should Contain" library="BuiltIn">
<arg>${output}</arg>
<arg>Cannot log in</arg>
<doc>Fails if ``container`` does not contain ``item`` one or more times.</doc>
<status status="PASS" starttime="20230420 15:20:17.841" endtime="20230420 15:20:17.842"/>
</kw>
<status status="PASS" starttime="20230420 15:20:13.929" endtime="20230420 15:20:17.843"/>
</test>
<kw name="Close Connect" library="function" type="TEARDOWN">
<status status="PASS" starttime="20230420 15:20:17.853" endtime="20230420 15:20:17.853"/>
</kw>
<doc>Exercise 1</doc>
<status status="PASS" starttime="20230420 15:20:11.203" endtime="20230420 15:20:17.853"/>
</suite>
<statistics>
<total>
<stat pass="1" fail="0" skip="0">All Tests</stat>
</total>
<tag>
</tag>
<suite>
<stat pass="1" fail="0" skip="0" id="s1" name="Ex1 with Python Function">Ex1 with Python Function</stat>
</suite>
</statistics>
<errors>
</errors>
</robot>
