<?xml version="1.0" encoding="UTF-8"?>
<robot generator="Robot 6.0.2 (Python 3.11.3 on win32)" generated="20230421 10:36:46.236" rpa="false" schemaversion="3">
<suite id="s1" name="Tc2 With Python Function" source="d:\ptdat-batch40\Develop-testcase-on-Robot-Framework\tc2 with python function.robot">
<kw name="Open Connection And Log In" type="SETUP">
<kw name="Connect" library="SSH">
<arg>${HOST}</arg>
<arg>${USERNAME}</arg>
<arg>${PASSWORD}</arg>
<msg timestamp="20230421 10:36:47.518" level="INFO">[chan 1] Opened sftp connection (server version 3)</msg>
<status status="PASS" starttime="20230421 10:36:46.941" endtime="20230421 10:36:47.520"/>
</kw>
<status status="PASS" starttime="20230421 10:36:46.940" endtime="20230421 10:36:47.520"/>
</kw>
<test id="s1-t1" name="Create folder /home/nthuong2/temp" line="22">
<kw name="Create Folder" library="SSH">
<arg>/home/nthuong2/temp</arg>
<status status="PASS" starttime="20230421 10:36:47.521" endtime="20230421 10:36:47.539"/>
</kw>
<kw name="Directory Exists" library="SSH">
<var>${output}</var>
<arg>/home/nthuong2/temp</arg>
<msg timestamp="20230421 10:36:47.542" level="INFO">${output} = Directory exists</msg>
<status status="PASS" starttime="20230421 10:36:47.540" endtime="20230421 10:36:47.542"/>
</kw>
<kw name="Log To Console" library="BuiltIn">
<arg>${output}</arg>
<doc>Logs the given message to the console.</doc>
<status status="PASS" starttime="20230421 10:36:47.543" endtime="20230421 10:36:47.544"/>
</kw>
<status status="PASS" starttime="20230421 10:36:47.520" endtime="20230421 10:36:47.544"/>
</test>
<test id="s1-t2" name="Put the runtest.sh to the folder" line="27">
<kw name="Put The File" library="SSH">
<arg>runtest.sh</arg>
<arg>/home/nthuong2/temp/runtest.sh</arg>
<status status="PASS" starttime="20230421 10:36:47.608" endtime="20230421 10:36:47.634"/>
</kw>
<kw name="File Exists" library="SSH">
<var>${output}</var>
<arg>/home/nthuong2/temp/runtest.sh</arg>
<msg timestamp="20230421 10:36:47.638" level="INFO">${output} = File exists!</msg>
<status status="PASS" starttime="20230421 10:36:47.635" endtime="20230421 10:36:47.638"/>
</kw>
<kw name="Log To Console" library="BuiltIn">
<arg>${output}</arg>
<doc>Logs the given message to the console.</doc>
<status status="PASS" starttime="20230421 10:36:47.641" endtime="20230421 10:36:47.643"/>
</kw>
<status status="PASS" starttime="20230421 10:36:47.607" endtime="20230421 10:36:47.644"/>
</test>
<test id="s1-t3" name="Delete the folder" line="32">
<kw name="Exec Cmd" library="SSH">
<arg>rm -r /home/nthuong2/temp</arg>
<status status="PASS" starttime="20230421 10:36:47.650" endtime="20230421 10:36:47.661"/>
</kw>
<kw name="Directory Exists" library="SSH">
<var>${output}</var>
<arg>/home/nthuong2/temp</arg>
<msg timestamp="20230421 10:36:47.709" level="INFO">${output} = Directory not exists</msg>
<status status="PASS" starttime="20230421 10:36:47.662" endtime="20230421 10:36:47.709"/>
</kw>
<kw name="Log To Console" library="BuiltIn">
<arg>${output}</arg>
<doc>Logs the given message to the console.</doc>
<status status="PASS" starttime="20230421 10:36:47.710" endtime="20230421 10:36:47.711"/>
</kw>
<status status="PASS" starttime="20230421 10:36:47.649" endtime="20230421 10:36:47.713"/>
</test>
<kw name="Close Connect" library="SSH" type="TEARDOWN">
<status status="PASS" starttime="20230421 10:36:47.718" endtime="20230421 10:36:47.719"/>
</kw>
<doc>TC2 - ssh to 10.250.176.6(nthuong2/Huong@123)
- create folder /home/nthuong2/temp
- put the runtest.sh to the folder
- check if it put successfull
- delete the folder</doc>
<status status="PASS" starttime="20230421 10:36:46.242" endtime="20230421 10:36:47.719"/>
</suite>
<statistics>
<total>
<stat pass="3" fail="0" skip="0">All Tests</stat>
</total>
<tag>
</tag>
<suite>
<stat pass="3" fail="0" skip="0" id="s1" name="Tc2 With Python Function">Tc2 With Python Function</stat>
</suite>
</statistics>
<errors>
</errors>
</robot>
