<?xml version="1.0" encoding="UTF-8"?>
<robot generator="Robot 6.0.2 (Python 3.11.3 on win32)" generated="20230420 15:36:49.898" rpa="false" schemaversion="3">
<suite id="s1" name="Ex1 with Python Function" source="d:\ptdat-batch40\Develop-testcase-on-Robot-Framework\Ex1 with Python Function.robot">
<kw name="Open Connection And Log In" type="SETUP">
<kw name="Init" library="function">
<status status="PASS" starttime="20230420 15:36:50.636" endtime="20230420 15:36:50.636"/>
</kw>
<kw name="Connect" library="function">
<arg>${HOST}</arg>
<arg>${USERNAME}</arg>
<arg>${PASSWORD}</arg>
<status status="PASS" starttime="20230420 15:36:50.636" endtime="20230420 15:36:50.834"/>
</kw>
<kw name="Shell Init" library="function">
<status status="PASS" starttime="20230420 15:36:50.835" endtime="20230420 15:36:52.581"/>
</kw>
<status status="PASS" starttime="20230420 15:36:50.635" endtime="20230420 15:36:52.581"/>
</kw>
<test id="s1-t1" name="Case 1.3" line="33">
<kw name="Write Cmd With Prompt" library="function">
<arg>cli&gt;</arg>
<arg>sosagent vca login VCA</arg>
<status status="PASS" starttime="20230420 15:36:52.582" endtime="20230420 15:36:56.165"/>
</kw>
<kw name="Read Until The Prompt" library="function">
<var>${output}</var>
<arg>cli&gt;</arg>
<msg timestamp="20230420 15:36:56.615" level="INFO">${output} = sosagent vca login VCA
Logging into: VCA 0
Insufficient or invalid privclass. Cannot log in.  Error Code = 2
cli&gt;</msg>
<status status="PASS" starttime="20230420 15:36:56.166" endtime="20230420 15:36:56.617"/>
</kw>
<kw name="Log" library="BuiltIn">
<arg>${output}</arg>
<doc>Logs the given message with the given level.</doc>
<msg timestamp="20230420 15:36:56.619" level="INFO">sosagent vca login VCA
Logging into: VCA 0
Insufficient or invalid privclass. Cannot log in.  Error Code = 2
cli&gt;</msg>
<status status="PASS" starttime="20230420 15:36:56.618" endtime="20230420 15:36:56.619"/>
</kw>
<kw name="Should Contain" library="BuiltIn">
<arg>${output}</arg>
<arg>Cannot log in</arg>
<doc>Fails if ``container`` does not contain ``item`` one or more times.</doc>
<status status="PASS" starttime="20230420 15:36:56.622" endtime="20230420 15:36:56.622"/>
</kw>
<status status="PASS" starttime="20230420 15:36:52.581" endtime="20230420 15:36:56.626"/>
</test>
<kw name="Close Connect" library="function" type="TEARDOWN">
<status status="PASS" starttime="20230420 15:36:56.628" endtime="20230420 15:36:56.629"/>
</kw>
<doc>Exercise 1</doc>
<status status="PASS" starttime="20230420 15:36:49.905" endtime="20230420 15:36:56.629"/>
</suite>
<statistics>
<total>
<stat pass="1" fail="0" skip="0">All Tests</stat>
</total>
<tag>
</tag>
<suite>
<stat pass="1" fail="0" skip="0" id="s1" name="Ex1 with Python Function">Ex1 with Python Function</stat>
</suite>
</statistics>
<errors>
</errors>
</robot>
