<?xml version="1.0" encoding="UTF-8"?>
<robot generator="Robot 5.0.1 (Python 3.11.3 on win32)" generated="20230417 09:09:39.472" rpa="true" schemaversion="3">
<suite id="s1" name="Rpa1" source="d:\ptdat-batch40\Develop-testcase-on-Robot-Framework\rpa1.robot">
<test id="s1-t1" name="Insert the sales data for the week and export it as a PDF" line="10">
<kw name="Open the intranet website">
<kw name="Open Available Browser" library="RPA.Browser.Selenium">
<arg>https://robotsparebinindustries.com/</arg>
<doc>Attempts to open a browser on the user's device from a set of
supported browsers. Automatically downloads a corresponding webdriver
if none is already installed.</doc>
<msg timestamp="20230417 09:09:53.446" level="INFO">Creating an instance of the Chrome WebDriver.</msg>
<msg timestamp="20230417 09:09:53.727" level="INFO">====== WebDriver manager ======</msg>
<msg timestamp="20230417 09:10:07.429" level="INFO">Creating an instance of the Firefox WebDriver.</msg>
<msg timestamp="20230417 09:10:07.451" level="INFO">====== WebDriver manager ======</msg>
<msg timestamp="20230417 09:10:17.474" level="INFO">Creating an instance of the Firefox WebDriver.</msg>
<msg timestamp="20230417 09:10:33.398" level="INFO">Created Firefox browser with arguments: </msg>
<msg timestamp="20230417 09:10:33.398" level="INFO" html="true">&lt;p&gt;Attempted combinations:&lt;/p&gt;&lt;div class="doc"&gt;&lt;table&gt;&lt;tr&gt;&lt;th&gt;Browser&lt;/th&gt;&lt;th&gt;Download&lt;/th&gt;&lt;th&gt;Error&lt;/th&gt;&lt;/tr&gt;&lt;tr&gt;&lt;td&gt;Chrome&lt;/td&gt;&lt;td&gt;False&lt;/td&gt;&lt;td&gt;Message: 'chromedriver' executable needs to be in PATH. Please see https://chromedriver.chromium.org/home
&lt;/td&gt;&lt;/tr&gt;&lt;tr&gt;&lt;td&gt;Chrome&lt;/td&gt;&lt;td&gt;True&lt;/td&gt;&lt;td&gt;HTTPSConnectionPool(host='chromedriver.storage.googleapis.com', port=443): Max retries exceeded with url: /112.0.5615/chromedriver_win32.zip (Caused by SSLError(SSLCertVerificationError(1, '[SSL: CERTIFICATE_VERIFY_FAILED] certificate verify failed: unable to get local issuer certificate (_ssl.c:1002)')))&lt;/td&gt;&lt;/tr&gt;&lt;tr&gt;&lt;td&gt;Firefox&lt;/td&gt;&lt;td&gt;False&lt;/td&gt;&lt;td&gt;Message: 'geckodriver' executable needs to be in PATH. 
&lt;/td&gt;&lt;/tr&gt;&lt;tr&gt;&lt;td&gt;Firefox&lt;/td&gt;&lt;td&gt;True&lt;/td&gt;&lt;td&gt;&lt;/td&gt;&lt;/tr&gt;&lt;/table&gt;&lt;/div&gt;</msg>
<msg timestamp="20230417 09:10:33.398" level="INFO">Opening url 'https://robotsparebinindustries.com/'</msg>
<status status="PASS" starttime="20230417 09:09:53.445" endtime="20230417 09:10:35.613"/>
</kw>
<status status="PASS" starttime="20230417 09:09:53.444" endtime="20230417 09:10:35.614"/>
</kw>
<kw name="Log in">
<kw name="Input Text" library="RPA.Browser.Selenium">
<arg>username</arg>
<arg>maria</arg>
<doc>Types the given ``text`` into the text field identified by ``locator``.</doc>
<msg timestamp="20230417 09:10:35.617" level="INFO">Typing text 'maria' into text field 'username'.</msg>
<status status="PASS" starttime="20230417 09:10:35.616" endtime="20230417 09:10:35.885"/>
</kw>
<kw name="Input Password" library="RPA.Browser.Selenium">
<arg>password</arg>
<arg>thoushallnotpass</arg>
<doc>Types the given password into the text field identified by ``locator``.</doc>
<msg timestamp="20230417 09:10:35.885" level="INFO">Typing password into text field 'password'.</msg>
<msg timestamp="20230417 09:10:36.324" level="INFO">Temporally setting log level to: NONE</msg>
<msg timestamp="20230417 09:10:36.352" level="INFO">Log level changed from NONE to INFO.</msg>
<status status="PASS" starttime="20230417 09:10:35.885" endtime="20230417 09:10:36.353"/>
</kw>
<kw name="Submit Form" library="RPA.Browser.Selenium">
<doc>Submits a form identified by ``locator``.</doc>
<msg timestamp="20230417 09:10:36.353" level="INFO">Submitting form 'None'.</msg>
<status status="PASS" starttime="20230417 09:10:36.353" endtime="20230417 09:10:36.585"/>
</kw>
<kw name="Wait Until Page Contains Element" library="RPA.Browser.Selenium">
<arg>id:sales-form</arg>
<doc>Waits until the element ``locator`` appears on the current page.</doc>
<status status="PASS" starttime="20230417 09:10:36.585" endtime="20230417 09:10:36.919"/>
</kw>
<status status="PASS" starttime="20230417 09:10:35.616" endtime="20230417 09:10:36.920"/>
</kw>
<kw name="Download the Excel file">
<kw name="Download" library="RPA.HTTP">
<arg>https://robotsparebinindustries.com/SalesData.xlsx</arg>
<arg>overwrite=True</arg>
<doc>An alias for the ``HTTP Get`` keyword.</doc>
<msg timestamp="20230417 09:10:36.923" level="INFO">Creating a new HTTP session</msg>
<msg timestamp="20230417 09:10:36.923" level="INFO">Creating Session using : alias=rpasession_alias.httpsrobotsparebinindustries.com, url=https://robotsparebinindustries.com, headers={},                     cookies={}, auth=None, timeout=None, proxies=None, verify=True,                     debug=0 </msg>
<status status="PASS" starttime="20230417 09:10:36.922" endtime="20230417 09:10:37.350"/>
</kw>
<status status="PASS" starttime="20230417 09:10:36.922" endtime="20230417 09:10:37.350"/>
</kw>
<kw name="Fill the form using the data from the Excel file">
<kw name="Open Workbook" library="RPA.Excel.Files">
<arg>SalesData.xlsx</arg>
<doc>Open an existing Excel workbook.</doc>
<msg timestamp="20230417 09:10:37.370" level="INFO">Opened workbook: &lt;RPA.Excel.Files.XlsxWorkbook object at 0x0000020DD6CAFA10&gt;</msg>
<status status="PASS" starttime="20230417 09:10:37.353" endtime="20230417 09:10:37.370"/>
</kw>
<kw name="Read Worksheet As Table" library="RPA.Excel.Files">
<var>${sales_reps}</var>
<arg>header=True</arg>
<doc>Read the contents of a worksheet into a Table container. Allows
sorting/filtering/manipulating using the ``RPA.Tables`` library.</doc>
<msg timestamp="20230417 09:10:37.371" level="INFO">Created table: Table(columns=['First Name', 'Last Name', 'Sales', 'Sales Target'], rows=50)</msg>
<msg timestamp="20230417 09:10:37.372" level="INFO">${sales_reps} = Table(columns=['First Name', 'Last Name', 'Sales', 'Sales Target'], rows=50)</msg>
<status status="PASS" starttime="20230417 09:10:37.370" endtime="20230417 09:10:37.372"/>
</kw>
<kw name="Close Workbook" library="RPA.Excel.Files">
<doc>Close the active workbook.</doc>
<msg timestamp="20230417 09:10:37.372" level="INFO">Closing workbook: &lt;RPA.Excel.Files.XlsxWorkbook object at 0x0000020DD6CAFA10&gt;</msg>
<status status="PASS" starttime="20230417 09:10:37.372" endtime="20230417 09:10:37.372"/>
</kw>
<for flavor="IN">
<var>${sales_rep}</var>
<value>@{sales_reps}</value>
<iter>
<var name="${sales_rep}">{'First Name': 'David', 'Last Name': 'Heazel', 'Sales': 80193, 'Sales Target': 30000}</var>
<kw name="Fill and submit the form for one person">
<arg>${sales_rep}</arg>
<kw name="Input Text" library="RPA.Browser.Selenium">
<arg>firstname</arg>
<arg>${sales_rep}[First Name]</arg>
<doc>Types the given ``text`` into the text field identified by ``locator``.</doc>
<msg timestamp="20230417 09:10:37.375" level="INFO">Typing text 'David' into text field 'firstname'.</msg>
<status status="PASS" starttime="20230417 09:10:37.374" endtime="20230417 09:10:37.595"/>
</kw>
<kw name="Input Text" library="RPA.Browser.Selenium">
<arg>lastname</arg>
<arg>${sales_rep}[Last Name]</arg>
<doc>Types the given ``text`` into the text field identified by ``locator``.</doc>
<msg timestamp="20230417 09:10:37.595" level="INFO">Typing text 'Heazel' into text field 'lastname'.</msg>
<status status="PASS" starttime="20230417 09:10:37.595" endtime="20230417 09:10:37.819"/>
</kw>
<kw name="Input Text" library="RPA.Browser.Selenium">
<arg>salesresult</arg>
<arg>${sales_rep}[Sales]</arg>
<doc>Types the given ``text`` into the text field identified by ``locator``.</doc>
<msg timestamp="20230417 09:10:37.820" level="INFO">Typing text '80193' into text field 'salesresult'.</msg>
<status status="PASS" starttime="20230417 09:10:37.820" endtime="20230417 09:10:38.154"/>
</kw>
<kw name="Select From List By Value" library="RPA.Browser.Selenium">
<arg>salestarget</arg>
<arg>${sales_rep}[Sales Target]</arg>
<doc>Selects options from selection list ``locator`` by ``values``.</doc>
<msg timestamp="20230417 09:10:38.155" level="INFO">Selecting options from selection list 'salestarget' by value 30000.</msg>
<status status="PASS" starttime="20230417 09:10:38.155" endtime="20230417 09:10:38.880"/>
</kw>
<kw name="Click Button" library="RPA.Browser.Selenium">
<arg>Submit</arg>
<doc>Clicks the button identified by ``locator``.</doc>
<msg timestamp="20230417 09:10:38.881" level="INFO">Clicking button 'Submit'.</msg>
<status status="PASS" starttime="20230417 09:10:38.881" endtime="20230417 09:10:39.965"/>
</kw>
<status status="PASS" starttime="20230417 09:10:37.374" endtime="20230417 09:10:39.965"/>
</kw>
<status status="PASS" starttime="20230417 09:10:37.373" endtime="20230417 09:10:39.965"/>
</iter>
<iter>
<var name="${sales_rep}">{'First Name': 'Conte', 'Last Name': 'Mascetti', 'Sales': 141182, 'Sales Target': 35000}</var>
<kw name="Fill and submit the form for one person">
<arg>${sales_rep}</arg>
<kw name="Input Text" library="RPA.Browser.Selenium">
<arg>firstname</arg>
<arg>${sales_rep}[First Name]</arg>
<doc>Types the given ``text`` into the text field identified by ``locator``.</doc>
<msg timestamp="20230417 09:10:39.966" level="INFO">Typing text 'Conte' into text field 'firstname'.</msg>
<status status="PASS" starttime="20230417 09:10:39.966" endtime="20230417 09:10:40.458"/>
</kw>
<kw name="Input Text" library="RPA.Browser.Selenium">
<arg>lastname</arg>
<arg>${sales_rep}[Last Name]</arg>
<doc>Types the given ``text`` into the text field identified by ``locator``.</doc>
<msg timestamp="20230417 09:10:40.459" level="INFO">Typing text 'Mascetti' into text field 'lastname'.</msg>
<status status="PASS" starttime="20230417 09:10:40.459" endtime="20230417 09:10:40.673"/>
</kw>
<kw name="Input Text" library="RPA.Browser.Selenium">
<arg>salesresult</arg>
<arg>${sales_rep}[Sales]</arg>
<doc>Types the given ``text`` into the text field identified by ``locator``.</doc>
<msg timestamp="20230417 09:10:40.674" level="INFO">Typing text '141182' into text field 'salesresult'.</msg>
<status status="PASS" starttime="20230417 09:10:40.673" endtime="20230417 09:10:40.967"/>
</kw>
<kw name="Select From List By Value" library="RPA.Browser.Selenium">
<arg>salestarget</arg>
<arg>${sales_rep}[Sales Target]</arg>
<doc>Selects options from selection list ``locator`` by ``values``.</doc>
<msg timestamp="20230417 09:10:40.968" level="INFO">Selecting options from selection list 'salestarget' by value 35000.</msg>
<status status="PASS" starttime="20230417 09:10:40.967" endtime="20230417 09:10:42.211"/>
</kw>
<kw name="Click Button" library="RPA.Browser.Selenium">
<arg>Submit</arg>
<doc>Clicks the button identified by ``locator``.</doc>
<msg timestamp="20230417 09:10:42.212" level="INFO">Clicking button 'Submit'.</msg>
<status status="PASS" starttime="20230417 09:10:42.212" endtime="20230417 09:10:43.422"/>
</kw>
<status status="PASS" starttime="20230417 09:10:39.966" endtime="20230417 09:10:43.423"/>
</kw>
<status status="PASS" starttime="20230417 09:10:39.965" endtime="20230417 09:10:43.423"/>
</iter>
<iter>
<var name="${sales_rep}">{'First Name': 'Dallon', 'Last Name': 'Seals', 'Sales': 61456, 'Sales Target': 15000}</var>
<kw name="Fill and submit the form for one person">
<arg>${sales_rep}</arg>
<kw name="Input Text" library="RPA.Browser.Selenium">
<arg>firstname</arg>
<arg>${sales_rep}[First Name]</arg>
<doc>Types the given ``text`` into the text field identified by ``locator``.</doc>
<msg timestamp="20230417 09:10:43.424" level="INFO">Typing text 'Dallon' into text field 'firstname'.</msg>
<status status="PASS" starttime="20230417 09:10:43.424" endtime="20230417 09:10:43.503"/>
</kw>
<kw name="Input Text" library="RPA.Browser.Selenium">
<arg>lastname</arg>
<arg>${sales_rep}[Last Name]</arg>
<doc>Types the given ``text`` into the text field identified by ``locator``.</doc>
<msg timestamp="20230417 09:10:43.505" level="INFO">Typing text 'Seals' into text field 'lastname'.</msg>
<status status="PASS" starttime="20230417 09:10:43.504" endtime="20230417 09:10:43.551"/>
</kw>
<kw name="Input Text" library="RPA.Browser.Selenium">
<arg>salesresult</arg>
<arg>${sales_rep}[Sales]</arg>
<doc>Types the given ``text`` into the text field identified by ``locator``.</doc>
<msg timestamp="20230417 09:10:43.552" level="INFO">Typing text '61456' into text field 'salesresult'.</msg>
<status status="PASS" starttime="20230417 09:10:43.551" endtime="20230417 09:10:43.749"/>
</kw>
<kw name="Select From List By Value" library="RPA.Browser.Selenium">
<arg>salestarget</arg>
<arg>${sales_rep}[Sales Target]</arg>
<doc>Selects options from selection list ``locator`` by ``values``.</doc>
<msg timestamp="20230417 09:10:43.750" level="INFO">Selecting options from selection list 'salestarget' by value 15000.</msg>
<status status="PASS" starttime="20230417 09:10:43.749" endtime="20230417 09:10:44.388"/>
</kw>
<kw name="Click Button" library="RPA.Browser.Selenium">
<arg>Submit</arg>
<doc>Clicks the button identified by ``locator``.</doc>
<msg timestamp="20230417 09:10:44.388" level="INFO">Clicking button 'Submit'.</msg>
<status status="PASS" starttime="20230417 09:10:44.388" endtime="20230417 09:10:45.501"/>
</kw>
<status status="PASS" starttime="20230417 09:10:43.423" endtime="20230417 09:10:45.502"/>
</kw>
<status status="PASS" starttime="20230417 09:10:43.423" endtime="20230417 09:10:45.502"/>
</iter>
<iter>
<var name="${sales_rep}">{'First Name': 'Jocelyn', 'Last Name': 'Thomsson', 'Sales': 99354, 'Sales Target': 95000}</var>
<kw name="Fill and submit the form for one person">
<arg>${sales_rep}</arg>
<kw name="Input Text" library="RPA.Browser.Selenium">
<arg>firstname</arg>
<arg>${sales_rep}[First Name]</arg>
<doc>Types the given ``text`` into the text field identified by ``locator``.</doc>
<msg timestamp="20230417 09:10:45.503" level="INFO">Typing text 'Jocelyn' into text field 'firstname'.</msg>
<status status="PASS" starttime="20230417 09:10:45.503" endtime="20230417 09:10:45.700"/>
</kw>
<kw name="Input Text" library="RPA.Browser.Selenium">
<arg>lastname</arg>
<arg>${sales_rep}[Last Name]</arg>
<doc>Types the given ``text`` into the text field identified by ``locator``.</doc>
<msg timestamp="20230417 09:10:45.700" level="INFO">Typing text 'Thomsson' into text field 'lastname'.</msg>
<status status="PASS" starttime="20230417 09:10:45.700" endtime="20230417 09:10:45.973"/>
</kw>
<kw name="Input Text" library="RPA.Browser.Selenium">
<arg>salesresult</arg>
<arg>${sales_rep}[Sales]</arg>
<doc>Types the given ``text`` into the text field identified by ``locator``.</doc>
<msg timestamp="20230417 09:10:45.974" level="INFO">Typing text '99354' into text field 'salesresult'.</msg>
<status status="PASS" starttime="20230417 09:10:45.974" endtime="20230417 09:10:46.227"/>
</kw>
<kw name="Select From List By Value" library="RPA.Browser.Selenium">
<arg>salestarget</arg>
<arg>${sales_rep}[Sales Target]</arg>
<doc>Selects options from selection list ``locator`` by ``values``.</doc>
<msg timestamp="20230417 09:10:46.228" level="INFO">Selecting options from selection list 'salestarget' by value 95000.</msg>
<status status="PASS" starttime="20230417 09:10:46.227" endtime="20230417 09:10:46.996"/>
</kw>
<kw name="Click Button" library="RPA.Browser.Selenium">
<arg>Submit</arg>
<doc>Clicks the button identified by ``locator``.</doc>
<msg timestamp="20230417 09:10:46.996" level="INFO">Clicking button 'Submit'.</msg>
<status status="PASS" starttime="20230417 09:10:46.996" endtime="20230417 09:10:47.967"/>
</kw>
<status status="PASS" starttime="20230417 09:10:45.502" endtime="20230417 09:10:47.967"/>
</kw>
<status status="PASS" starttime="20230417 09:10:45.502" endtime="20230417 09:10:47.967"/>
</iter>
<iter>
<var name="${sales_rep}">{'First Name': 'Yoko', 'Last Name': 'Flecknell', 'Sales': 139701, 'Sales Target': 50000}</var>
<kw name="Fill and submit the form for one person">
<arg>${sales_rep}</arg>
<kw name="Input Text" library="RPA.Browser.Selenium">
<arg>firstname</arg>
<arg>${sales_rep}[First Name]</arg>
<doc>Types the given ``text`` into the text field identified by ``locator``.</doc>
<msg timestamp="20230417 09:10:47.969" level="INFO">Typing text 'Yoko' into text field 'firstname'.</msg>
<status status="PASS" starttime="20230417 09:10:47.968" endtime="20230417 09:10:48.235"/>
</kw>
<kw name="Input Text" library="RPA.Browser.Selenium">
<arg>lastname</arg>
<arg>${sales_rep}[Last Name]</arg>
<doc>Types the given ``text`` into the text field identified by ``locator``.</doc>
<msg timestamp="20230417 09:10:48.235" level="INFO">Typing text 'Flecknell' into text field 'lastname'.</msg>
<status status="PASS" starttime="20230417 09:10:48.235" endtime="20230417 09:10:48.286"/>
</kw>
<kw name="Input Text" library="RPA.Browser.Selenium">
<arg>salesresult</arg>
<arg>${sales_rep}[Sales]</arg>
<doc>Types the given ``text`` into the text field identified by ``locator``.</doc>
<msg timestamp="20230417 09:10:48.288" level="INFO">Typing text '139701' into text field 'salesresult'.</msg>
<status status="PASS" starttime="20230417 09:10:48.287" endtime="20230417 09:10:48.338"/>
</kw>
<kw name="Select From List By Value" library="RPA.Browser.Selenium">
<arg>salestarget</arg>
<arg>${sales_rep}[Sales Target]</arg>
<doc>Selects options from selection list ``locator`` by ``values``.</doc>
<msg timestamp="20230417 09:10:48.339" level="INFO">Selecting options from selection list 'salestarget' by value 50000.</msg>
<status status="PASS" starttime="20230417 09:10:48.339" endtime="20230417 09:10:48.590"/>
</kw>
<kw name="Click Button" library="RPA.Browser.Selenium">
<arg>Submit</arg>
<doc>Clicks the button identified by ``locator``.</doc>
<msg timestamp="20230417 09:10:48.591" level="INFO">Clicking button 'Submit'.</msg>
<status status="PASS" starttime="20230417 09:10:48.590" endtime="20230417 09:10:48.746"/>
</kw>
<status status="PASS" starttime="20230417 09:10:47.968" endtime="20230417 09:10:48.746"/>
</kw>
<status status="PASS" starttime="20230417 09:10:47.967" endtime="20230417 09:10:48.746"/>
</iter>
<iter>
<var name="${sales_rep}">{'First Name': 'Ninnette', 'Last Name': 'Heinssen', 'Sales': 63808, 'Sales Target': 25000}</var>
<kw name="Fill and submit the form for one person">
<arg>${sales_rep}</arg>
<kw name="Input Text" library="RPA.Browser.Selenium">
<arg>firstname</arg>
<arg>${sales_rep}[First Name]</arg>
<doc>Types the given ``text`` into the text field identified by ``locator``.</doc>
<msg timestamp="20230417 09:10:48.747" level="INFO">Typing text 'Ninnette' into text field 'firstname'.</msg>
<status status="PASS" starttime="20230417 09:10:48.747" endtime="20230417 09:10:48.800"/>
</kw>
<kw name="Input Text" library="RPA.Browser.Selenium">
<arg>lastname</arg>
<arg>${sales_rep}[Last Name]</arg>
<doc>Types the given ``text`` into the text field identified by ``locator``.</doc>
<msg timestamp="20230417 09:10:48.801" level="INFO">Typing text 'Heinssen' into text field 'lastname'.</msg>
<status status="PASS" starttime="20230417 09:10:48.801" endtime="20230417 09:10:48.838"/>
</kw>
<kw name="Input Text" library="RPA.Browser.Selenium">
<arg>salesresult</arg>
<arg>${sales_rep}[Sales]</arg>
<doc>Types the given ``text`` into the text field identified by ``locator``.</doc>
<msg timestamp="20230417 09:10:48.838" level="INFO">Typing text '63808' into text field 'salesresult'.</msg>
<status status="PASS" starttime="20230417 09:10:48.838" endtime="20230417 09:10:48.878"/>
</kw>
<kw name="Select From List By Value" library="RPA.Browser.Selenium">
<arg>salestarget</arg>
<arg>${sales_rep}[Sales Target]</arg>
<doc>Selects options from selection list ``locator`` by ``values``.</doc>
<msg timestamp="20230417 09:10:48.879" level="INFO">Selecting options from selection list 'salestarget' by value 25000.</msg>
<status status="PASS" starttime="20230417 09:10:48.878" endtime="20230417 09:10:49.123"/>
</kw>
<kw name="Click Button" library="RPA.Browser.Selenium">
<arg>Submit</arg>
<doc>Clicks the button identified by ``locator``.</doc>
<msg timestamp="20230417 09:10:49.124" level="INFO">Clicking button 'Submit'.</msg>
<status status="PASS" starttime="20230417 09:10:49.123" endtime="20230417 09:10:49.287"/>
</kw>
<status status="PASS" starttime="20230417 09:10:48.747" endtime="20230417 09:10:49.287"/>
</kw>
<status status="PASS" starttime="20230417 09:10:48.746" endtime="20230417 09:10:49.287"/>
</iter>
<iter>
<var name="${sales_rep}">{'First Name': 'Ahmed', 'Last Name': 'Vasnetsov', 'Sales': 50211, 'Sales Target': 60000}</var>
<kw name="Fill and submit the form for one person">
<arg>${sales_rep}</arg>
<kw name="Input Text" library="RPA.Browser.Selenium">
<arg>firstname</arg>
<arg>${sales_rep}[First Name]</arg>
<doc>Types the given ``text`` into the text field identified by ``locator``.</doc>
<msg timestamp="20230417 09:10:49.288" level="INFO">Typing text 'Ahmed' into text field 'firstname'.</msg>
<status status="PASS" starttime="20230417 09:10:49.288" endtime="20230417 09:10:49.345"/>
</kw>
<kw name="Input Text" library="RPA.Browser.Selenium">
<arg>lastname</arg>
<arg>${sales_rep}[Last Name]</arg>
<doc>Types the given ``text`` into the text field identified by ``locator``.</doc>
<msg timestamp="20230417 09:10:49.345" level="INFO">Typing text 'Vasnetsov' into text field 'lastname'.</msg>
<status status="PASS" starttime="20230417 09:10:49.345" endtime="20230417 09:10:49.381"/>
</kw>
<kw name="Input Text" library="RPA.Browser.Selenium">
<arg>salesresult</arg>
<arg>${sales_rep}[Sales]</arg>
<doc>Types the given ``text`` into the text field identified by ``locator``.</doc>
<msg timestamp="20230417 09:10:49.381" level="INFO">Typing text '50211' into text field 'salesresult'.</msg>
<status status="PASS" starttime="20230417 09:10:49.381" endtime="20230417 09:10:49.431"/>
</kw>
<kw name="Select From List By Value" library="RPA.Browser.Selenium">
<arg>salestarget</arg>
<arg>${sales_rep}[Sales Target]</arg>
<doc>Selects options from selection list ``locator`` by ``values``.</doc>
<msg timestamp="20230417 09:10:49.432" level="INFO">Selecting options from selection list 'salestarget' by value 60000.</msg>
<status status="PASS" starttime="20230417 09:10:49.431" endtime="20230417 09:10:49.698"/>
</kw>
<kw name="Click Button" library="RPA.Browser.Selenium">
<arg>Submit</arg>
<doc>Clicks the button identified by ``locator``.</doc>
<msg timestamp="20230417 09:10:49.699" level="INFO">Clicking button 'Submit'.</msg>
<status status="PASS" starttime="20230417 09:10:49.699" endtime="20230417 09:10:49.854"/>
</kw>
<status status="PASS" starttime="20230417 09:10:49.287" endtime="20230417 09:10:49.854"/>
</kw>
<status status="PASS" starttime="20230417 09:10:49.287" endtime="20230417 09:10:49.854"/>
</iter>
<iter>
<var name="${sales_rep}">{'First Name': 'Pearline', 'Last Name': 'Fenton', 'Sales': 78556, 'Sales Target': 35000}</var>
<kw name="Fill and submit the form for one person">
<arg>${sales_rep}</arg>
<kw name="Input Text" library="RPA.Browser.Selenium">
<arg>firstname</arg>
<arg>${sales_rep}[First Name]</arg>
<doc>Types the given ``text`` into the text field identified by ``locator``.</doc>
<msg timestamp="20230417 09:10:49.856" level="INFO">Typing text 'Pearline' into text field 'firstname'.</msg>
<status status="PASS" starttime="20230417 09:10:49.855" endtime="20230417 09:10:49.906"/>
</kw>
<kw name="Input Text" library="RPA.Browser.Selenium">
<arg>lastname</arg>
<arg>${sales_rep}[Last Name]</arg>
<doc>Types the given ``text`` into the text field identified by ``locator``.</doc>
<msg timestamp="20230417 09:10:49.907" level="INFO">Typing text 'Fenton' into text field 'lastname'.</msg>
<status status="PASS" starttime="20230417 09:10:49.907" endtime="20230417 09:10:49.952"/>
</kw>
<kw name="Input Text" library="RPA.Browser.Selenium">
<arg>salesresult</arg>
<arg>${sales_rep}[Sales]</arg>
<doc>Types the given ``text`` into the text field identified by ``locator``.</doc>
<msg timestamp="20230417 09:10:49.952" level="INFO">Typing text '78556' into text field 'salesresult'.</msg>
<status status="PASS" starttime="20230417 09:10:49.952" endtime="20230417 09:10:49.986"/>
</kw>
<kw name="Select From List By Value" library="RPA.Browser.Selenium">
<arg>salestarget</arg>
<arg>${sales_rep}[Sales Target]</arg>
<doc>Selects options from selection list ``locator`` by ``values``.</doc>
<msg timestamp="20230417 09:10:49.987" level="INFO">Selecting options from selection list 'salestarget' by value 35000.</msg>
<status status="PASS" starttime="20230417 09:10:49.986" endtime="20230417 09:10:50.237"/>
</kw>
<kw name="Click Button" library="RPA.Browser.Selenium">
<arg>Submit</arg>
<doc>Clicks the button identified by ``locator``.</doc>
<msg timestamp="20230417 09:10:50.237" level="INFO">Clicking button 'Submit'.</msg>
<status status="PASS" starttime="20230417 09:10:50.237" endtime="20230417 09:10:50.388"/>
</kw>
<status status="PASS" starttime="20230417 09:10:49.855" endtime="20230417 09:10:50.388"/>
</kw>
<status status="PASS" starttime="20230417 09:10:49.855" endtime="20230417 09:10:50.388"/>
</iter>
<iter>
<var name="${sales_rep}">{'First Name': 'Lelah', 'Last Name': 'Yewdale', 'Sales': 122695, 'Sales Target': 100000}</var>
<kw name="Fill and submit the form for one person">
<arg>${sales_rep}</arg>
<kw name="Input Text" library="RPA.Browser.Selenium">
<arg>firstname</arg>
<arg>${sales_rep}[First Name]</arg>
<doc>Types the given ``text`` into the text field identified by ``locator``.</doc>
<msg timestamp="20230417 09:10:50.389" level="INFO">Typing text 'Lelah' into text field 'firstname'.</msg>
<status status="PASS" starttime="20230417 09:10:50.389" endtime="20230417 09:10:50.442"/>
</kw>
<kw name="Input Text" library="RPA.Browser.Selenium">
<arg>lastname</arg>
<arg>${sales_rep}[Last Name]</arg>
<doc>Types the given ``text`` into the text field identified by ``locator``.</doc>
<msg timestamp="20230417 09:10:50.442" level="INFO">Typing text 'Yewdale' into text field 'lastname'.</msg>
<status status="PASS" starttime="20230417 09:10:50.442" endtime="20230417 09:10:50.488"/>
</kw>
<kw name="Input Text" library="RPA.Browser.Selenium">
<arg>salesresult</arg>
<arg>${sales_rep}[Sales]</arg>
<doc>Types the given ``text`` into the text field identified by ``locator``.</doc>
<msg timestamp="20230417 09:10:50.489" level="INFO">Typing text '122695' into text field 'salesresult'.</msg>
<status status="PASS" starttime="20230417 09:10:50.488" endtime="20230417 09:10:50.529"/>
</kw>
<kw name="Select From List By Value" library="RPA.Browser.Selenium">
<arg>salestarget</arg>
<arg>${sales_rep}[Sales Target]</arg>
<doc>Selects options from selection list ``locator`` by ``values``.</doc>
<msg timestamp="20230417 09:10:50.530" level="INFO">Selecting options from selection list 'salestarget' by value 100000.</msg>
<status status="PASS" starttime="20230417 09:10:50.530" endtime="20230417 09:10:50.770"/>
</kw>
<kw name="Click Button" library="RPA.Browser.Selenium">
<arg>Submit</arg>
<doc>Clicks the button identified by ``locator``.</doc>
<msg timestamp="20230417 09:10:50.770" level="INFO">Clicking button 'Submit'.</msg>
<status status="PASS" starttime="20230417 09:10:50.770" endtime="20230417 09:10:50.919"/>
</kw>
<status status="PASS" starttime="20230417 09:10:50.388" endtime="20230417 09:10:50.919"/>
</kw>
<status status="PASS" starttime="20230417 09:10:50.388" endtime="20230417 09:10:50.919"/>
</iter>
<iter>
<var name="${sales_rep}">{'First Name': 'Belinda', 'Last Name': 'Blumenthal', 'Sales': 115410, 'Sales Target': 70000}</var>
<kw name="Fill and submit the form for one person">
<arg>${sales_rep}</arg>
<kw name="Input Text" library="RPA.Browser.Selenium">
<arg>firstname</arg>
<arg>${sales_rep}[First Name]</arg>
<doc>Types the given ``text`` into the text field identified by ``locator``.</doc>
<msg timestamp="20230417 09:10:50.921" level="INFO">Typing text 'Belinda' into text field 'firstname'.</msg>
<status status="PASS" starttime="20230417 09:10:50.920" endtime="20230417 09:10:50.976"/>
</kw>
<kw name="Input Text" library="RPA.Browser.Selenium">
<arg>lastname</arg>
<arg>${sales_rep}[Last Name]</arg>
<doc>Types the given ``text`` into the text field identified by ``locator``.</doc>
<msg timestamp="20230417 09:10:50.977" level="INFO">Typing text 'Blumenthal' into text field 'lastname'.</msg>
<status status="PASS" starttime="20230417 09:10:50.976" endtime="20230417 09:10:51.012"/>
</kw>
<kw name="Input Text" library="RPA.Browser.Selenium">
<arg>salesresult</arg>
<arg>${sales_rep}[Sales]</arg>
<doc>Types the given ``text`` into the text field identified by ``locator``.</doc>
<msg timestamp="20230417 09:10:51.012" level="INFO">Typing text '115410' into text field 'salesresult'.</msg>
<status status="PASS" starttime="20230417 09:10:51.012" endtime="20230417 09:10:51.049"/>
</kw>
<kw name="Select From List By Value" library="RPA.Browser.Selenium">
<arg>salestarget</arg>
<arg>${sales_rep}[Sales Target]</arg>
<doc>Selects options from selection list ``locator`` by ``values``.</doc>
<msg timestamp="20230417 09:10:51.050" level="INFO">Selecting options from selection list 'salestarget' by value 70000.</msg>
<status status="PASS" starttime="20230417 09:10:51.049" endtime="20230417 09:10:51.289"/>
</kw>
<kw name="Click Button" library="RPA.Browser.Selenium">
<arg>Submit</arg>
<doc>Clicks the button identified by ``locator``.</doc>
<msg timestamp="20230417 09:10:51.289" level="INFO">Clicking button 'Submit'.</msg>
<status status="PASS" starttime="20230417 09:10:51.289" endtime="20230417 09:10:51.492"/>
</kw>
<status status="PASS" starttime="20230417 09:10:50.920" endtime="20230417 09:10:51.492"/>
</kw>
<status status="PASS" starttime="20230417 09:10:50.920" endtime="20230417 09:10:51.492"/>
</iter>
<iter>
<var name="${sales_rep}">{'First Name': 'Antoni', 'Last Name': 'Degoe', 'Sales': 106991, 'Sales Target': 75000}</var>
<kw name="Fill and submit the form for one person">
<arg>${sales_rep}</arg>
<kw name="Input Text" library="RPA.Browser.Selenium">
<arg>firstname</arg>
<arg>${sales_rep}[First Name]</arg>
<doc>Types the given ``text`` into the text field identified by ``locator``.</doc>
<msg timestamp="20230417 09:10:51.493" level="INFO">Typing text 'Antoni' into text field 'firstname'.</msg>
<status status="PASS" starttime="20230417 09:10:51.493" endtime="20230417 09:10:51.531"/>
</kw>
<kw name="Input Text" library="RPA.Browser.Selenium">
<arg>lastname</arg>
<arg>${sales_rep}[Last Name]</arg>
<doc>Types the given ``text`` into the text field identified by ``locator``.</doc>
<msg timestamp="20230417 09:10:51.532" level="INFO">Typing text 'Degoe' into text field 'lastname'.</msg>
<status status="PASS" starttime="20230417 09:10:51.531" endtime="20230417 09:10:51.575"/>
</kw>
<kw name="Input Text" library="RPA.Browser.Selenium">
<arg>salesresult</arg>
<arg>${sales_rep}[Sales]</arg>
<doc>Types the given ``text`` into the text field identified by ``locator``.</doc>
<msg timestamp="20230417 09:10:51.575" level="INFO">Typing text '106991' into text field 'salesresult'.</msg>
<status status="PASS" starttime="20230417 09:10:51.575" endtime="20230417 09:10:51.610"/>
</kw>
<kw name="Select From List By Value" library="RPA.Browser.Selenium">
<arg>salestarget</arg>
<arg>${sales_rep}[Sales Target]</arg>
<doc>Selects options from selection list ``locator`` by ``values``.</doc>
<msg timestamp="20230417 09:10:51.611" level="INFO">Selecting options from selection list 'salestarget' by value 75000.</msg>
<status status="PASS" starttime="20230417 09:10:51.610" endtime="20230417 09:10:51.866"/>
</kw>
<kw name="Click Button" library="RPA.Browser.Selenium">
<arg>Submit</arg>
<doc>Clicks the button identified by ``locator``.</doc>
<msg timestamp="20230417 09:10:51.866" level="INFO">Clicking button 'Submit'.</msg>
<status status="PASS" starttime="20230417 09:10:51.866" endtime="20230417 09:10:52.266"/>
</kw>
<status status="PASS" starttime="20230417 09:10:51.492" endtime="20230417 09:10:52.267"/>
</kw>
<status status="PASS" starttime="20230417 09:10:51.492" endtime="20230417 09:10:52.267"/>
</iter>
<iter>
<var name="${sales_rep}">{'First Name': 'Donnamarie', 'Last Name': 'Watts', 'Sales': 25924, 'Sales Target': 85000}</var>
<kw name="Fill and submit the form for one person">
<arg>${sales_rep}</arg>
<kw name="Input Text" library="RPA.Browser.Selenium">
<arg>firstname</arg>
<arg>${sales_rep}[First Name]</arg>
<doc>Types the given ``text`` into the text field identified by ``locator``.</doc>
<msg timestamp="20230417 09:10:52.269" level="INFO">Typing text 'Donnamarie' into text field 'firstname'.</msg>
<status status="PASS" starttime="20230417 09:10:52.269" endtime="20230417 09:10:52.327"/>
</kw>
<kw name="Input Text" library="RPA.Browser.Selenium">
<arg>lastname</arg>
<arg>${sales_rep}[Last Name]</arg>
<doc>Types the given ``text`` into the text field identified by ``locator``.</doc>
<msg timestamp="20230417 09:10:52.327" level="INFO">Typing text 'Watts' into text field 'lastname'.</msg>
<status status="PASS" starttime="20230417 09:10:52.327" endtime="20230417 09:10:52.354"/>
</kw>
<kw name="Input Text" library="RPA.Browser.Selenium">
<arg>salesresult</arg>
<arg>${sales_rep}[Sales]</arg>
<doc>Types the given ``text`` into the text field identified by ``locator``.</doc>
<msg timestamp="20230417 09:10:52.355" level="INFO">Typing text '25924' into text field 'salesresult'.</msg>
<status status="PASS" starttime="20230417 09:10:52.354" endtime="20230417 09:10:52.380"/>
</kw>
<kw name="Select From List By Value" library="RPA.Browser.Selenium">
<arg>salestarget</arg>
<arg>${sales_rep}[Sales Target]</arg>
<doc>Selects options from selection list ``locator`` by ``values``.</doc>
<msg timestamp="20230417 09:10:52.380" level="INFO">Selecting options from selection list 'salestarget' by value 85000.</msg>
<status status="PASS" starttime="20230417 09:10:52.380" endtime="20230417 09:10:52.629"/>
</kw>
<kw name="Click Button" library="RPA.Browser.Selenium">
<arg>Submit</arg>
<doc>Clicks the button identified by ``locator``.</doc>
<msg timestamp="20230417 09:10:52.629" level="INFO">Clicking button 'Submit'.</msg>
<status status="PASS" starttime="20230417 09:10:52.629" endtime="20230417 09:10:52.826"/>
</kw>
<status status="PASS" starttime="20230417 09:10:52.268" endtime="20230417 09:10:52.826"/>
</kw>
<status status="PASS" starttime="20230417 09:10:52.267" endtime="20230417 09:10:52.826"/>
</iter>
<iter>
<var name="${sales_rep}">{'First Name': 'Anabella', 'Last Name': 'Blindermann', 'Sales': 43564, 'Sales Target': 85000}</var>
<kw name="Fill and submit the form for one person">
<arg>${sales_rep}</arg>
<kw name="Input Text" library="RPA.Browser.Selenium">
<arg>firstname</arg>
<arg>${sales_rep}[First Name]</arg>
<doc>Types the given ``text`` into the text field identified by ``locator``.</doc>
<msg timestamp="20230417 09:10:52.827" level="INFO">Typing text 'Anabella' into text field 'firstname'.</msg>
<status status="PASS" starttime="20230417 09:10:52.827" endtime="20230417 09:10:52.881"/>
</kw>
<kw name="Input Text" library="RPA.Browser.Selenium">
<arg>lastname</arg>
<arg>${sales_rep}[Last Name]</arg>
<doc>Types the given ``text`` into the text field identified by ``locator``.</doc>
<msg timestamp="20230417 09:10:52.882" level="INFO">Typing text 'Blindermann' into text field 'lastname'.</msg>
<status status="PASS" starttime="20230417 09:10:52.881" endtime="20230417 09:10:52.917"/>
</kw>
<kw name="Input Text" library="RPA.Browser.Selenium">
<arg>salesresult</arg>
<arg>${sales_rep}[Sales]</arg>
<doc>Types the given ``text`` into the text field identified by ``locator``.</doc>
<msg timestamp="20230417 09:10:52.918" level="INFO">Typing text '43564' into text field 'salesresult'.</msg>
<status status="PASS" starttime="20230417 09:10:52.917" endtime="20230417 09:10:52.951"/>
</kw>
<kw name="Select From List By Value" library="RPA.Browser.Selenium">
<arg>salestarget</arg>
<arg>${sales_rep}[Sales Target]</arg>
<doc>Selects options from selection list ``locator`` by ``values``.</doc>
<msg timestamp="20230417 09:10:52.952" level="INFO">Selecting options from selection list 'salestarget' by value 85000.</msg>
<status status="PASS" starttime="20230417 09:10:52.951" endtime="20230417 09:10:53.195"/>
</kw>
<kw name="Click Button" library="RPA.Browser.Selenium">
<arg>Submit</arg>
<doc>Clicks the button identified by ``locator``.</doc>
<msg timestamp="20230417 09:10:53.195" level="INFO">Clicking button 'Submit'.</msg>
<status status="PASS" starttime="20230417 09:10:53.195" endtime="20230417 09:10:53.354"/>
</kw>
<status status="PASS" starttime="20230417 09:10:52.826" endtime="20230417 09:10:53.355"/>
</kw>
<status status="PASS" starttime="20230417 09:10:52.826" endtime="20230417 09:10:53.355"/>
</iter>
<iter>
<var name="${sales_rep}">{'First Name': 'Fred', 'Last Name': 'Mengoni', 'Sales': 131725, 'Sales Target': 5000}</var>
<kw name="Fill and submit the form for one person">
<arg>${sales_rep}</arg>
<kw name="Input Text" library="RPA.Browser.Selenium">
<arg>firstname</arg>
<arg>${sales_rep}[First Name]</arg>
<doc>Types the given ``text`` into the text field identified by ``locator``.</doc>
<msg timestamp="20230417 09:10:53.357" level="INFO">Typing text 'Fred' into text field 'firstname'.</msg>
<status status="PASS" starttime="20230417 09:10:53.357" endtime="20230417 09:10:53.386"/>
</kw>
<kw name="Input Text" library="RPA.Browser.Selenium">
<arg>lastname</arg>
<arg>${sales_rep}[Last Name]</arg>
<doc>Types the given ``text`` into the text field identified by ``locator``.</doc>
<msg timestamp="20230417 09:10:53.387" level="INFO">Typing text 'Mengoni' into text field 'lastname'.</msg>
<status status="PASS" starttime="20230417 09:10:53.387" endtime="20230417 09:10:53.438"/>
</kw>
<kw name="Input Text" library="RPA.Browser.Selenium">
<arg>salesresult</arg>
<arg>${sales_rep}[Sales]</arg>
<doc>Types the given ``text`` into the text field identified by ``locator``.</doc>
<msg timestamp="20230417 09:10:53.438" level="INFO">Typing text '131725' into text field 'salesresult'.</msg>
<status status="PASS" starttime="20230417 09:10:53.438" endtime="20230417 09:10:53.471"/>
</kw>
<kw name="Select From List By Value" library="RPA.Browser.Selenium">
<arg>salestarget</arg>
<arg>${sales_rep}[Sales Target]</arg>
<doc>Selects options from selection list ``locator`` by ``values``.</doc>
<msg timestamp="20230417 09:10:53.472" level="INFO">Selecting options from selection list 'salestarget' by value 5000.</msg>
<status status="PASS" starttime="20230417 09:10:53.472" endtime="20230417 09:10:53.500"/>
</kw>
<kw name="Click Button" library="RPA.Browser.Selenium">
<arg>Submit</arg>
<doc>Clicks the button identified by ``locator``.</doc>
<msg timestamp="20230417 09:10:53.501" level="INFO">Clicking button 'Submit'.</msg>
<status status="PASS" starttime="20230417 09:10:53.501" endtime="20230417 09:10:53.669"/>
</kw>
<status status="PASS" starttime="20230417 09:10:53.356" endtime="20230417 09:10:53.669"/>
</kw>
<status status="PASS" starttime="20230417 09:10:53.355" endtime="20230417 09:10:53.669"/>
</iter>
<iter>
<var name="${sales_rep}">{'First Name': 'Nathanil', 'Last Name': 'Bragg', 'Sales': 100336, 'Sales Target': 35000}</var>
<kw name="Fill and submit the form for one person">
<arg>${sales_rep}</arg>
<kw name="Input Text" library="RPA.Browser.Selenium">
<arg>firstname</arg>
<arg>${sales_rep}[First Name]</arg>
<doc>Types the given ``text`` into the text field identified by ``locator``.</doc>
<msg timestamp="20230417 09:10:53.670" level="INFO">Typing text 'Nathanil' into text field 'firstname'.</msg>
<status status="PASS" starttime="20230417 09:10:53.670" endtime="20230417 09:10:53.753"/>
</kw>
<kw name="Input Text" library="RPA.Browser.Selenium">
<arg>lastname</arg>
<arg>${sales_rep}[Last Name]</arg>
<doc>Types the given ``text`` into the text field identified by ``locator``.</doc>
<msg timestamp="20230417 09:10:53.754" level="INFO">Typing text 'Bragg' into text field 'lastname'.</msg>
<status status="PASS" starttime="20230417 09:10:53.753" endtime="20230417 09:10:53.797"/>
</kw>
<kw name="Input Text" library="RPA.Browser.Selenium">
<arg>salesresult</arg>
<arg>${sales_rep}[Sales]</arg>
<doc>Types the given ``text`` into the text field identified by ``locator``.</doc>
<msg timestamp="20230417 09:10:53.798" level="INFO">Typing text '100336' into text field 'salesresult'.</msg>
<status status="PASS" starttime="20230417 09:10:53.797" endtime="20230417 09:10:53.831"/>
</kw>
<kw name="Select From List By Value" library="RPA.Browser.Selenium">
<arg>salestarget</arg>
<arg>${sales_rep}[Sales Target]</arg>
<doc>Selects options from selection list ``locator`` by ``values``.</doc>
<msg timestamp="20230417 09:10:53.831" level="INFO">Selecting options from selection list 'salestarget' by value 35000.</msg>
<status status="PASS" starttime="20230417 09:10:53.831" endtime="20230417 09:10:54.091"/>
</kw>
<kw name="Click Button" library="RPA.Browser.Selenium">
<arg>Submit</arg>
<doc>Clicks the button identified by ``locator``.</doc>
<msg timestamp="20230417 09:10:54.092" level="INFO">Clicking button 'Submit'.</msg>
<status status="PASS" starttime="20230417 09:10:54.091" endtime="20230417 09:10:54.339"/>
</kw>
<status status="PASS" starttime="20230417 09:10:53.670" endtime="20230417 09:10:54.339"/>
</kw>
<status status="PASS" starttime="20230417 09:10:53.669" endtime="20230417 09:10:54.339"/>
</iter>
<iter>
<var name="${sales_rep}">{'First Name': 'Casar', 'Last Name': 'Kubek', 'Sales': 143750, 'Sales Target': 100000}</var>
<kw name="Fill and submit the form for one person">
<arg>${sales_rep}</arg>
<kw name="Input Text" library="RPA.Browser.Selenium">
<arg>firstname</arg>
<arg>${sales_rep}[First Name]</arg>
<doc>Types the given ``text`` into the text field identified by ``locator``.</doc>
<msg timestamp="20230417 09:10:54.340" level="INFO">Typing text 'Casar' into text field 'firstname'.</msg>
<status status="PASS" starttime="20230417 09:10:54.340" endtime="20230417 09:10:54.436"/>
</kw>
<kw name="Input Text" library="RPA.Browser.Selenium">
<arg>lastname</arg>
<arg>${sales_rep}[Last Name]</arg>
<doc>Types the given ``text`` into the text field identified by ``locator``.</doc>
<msg timestamp="20230417 09:10:54.437" level="INFO">Typing text 'Kubek' into text field 'lastname'.</msg>
<status status="PASS" starttime="20230417 09:10:54.436" endtime="20230417 09:10:54.467"/>
</kw>
<kw name="Input Text" library="RPA.Browser.Selenium">
<arg>salesresult</arg>
<arg>${sales_rep}[Sales]</arg>
<doc>Types the given ``text`` into the text field identified by ``locator``.</doc>
<msg timestamp="20230417 09:10:54.467" level="INFO">Typing text '143750' into text field 'salesresult'.</msg>
<status status="PASS" starttime="20230417 09:10:54.467" endtime="20230417 09:10:54.503"/>
</kw>
<kw name="Select From List By Value" library="RPA.Browser.Selenium">
<arg>salestarget</arg>
<arg>${sales_rep}[Sales Target]</arg>
<doc>Selects options from selection list ``locator`` by ``values``.</doc>
<msg timestamp="20230417 09:10:54.504" level="INFO">Selecting options from selection list 'salestarget' by value 100000.</msg>
<status status="PASS" starttime="20230417 09:10:54.503" endtime="20230417 09:10:54.748"/>
</kw>
<kw name="Click Button" library="RPA.Browser.Selenium">
<arg>Submit</arg>
<doc>Clicks the button identified by ``locator``.</doc>
<msg timestamp="20230417 09:10:54.748" level="INFO">Clicking button 'Submit'.</msg>
<status status="PASS" starttime="20230417 09:10:54.748" endtime="20230417 09:10:54.906"/>
</kw>
<status status="PASS" starttime="20230417 09:10:54.340" endtime="20230417 09:10:54.906"/>
</kw>
<status status="PASS" starttime="20230417 09:10:54.339" endtime="20230417 09:10:54.906"/>
</iter>
<iter>
<var name="${sales_rep}">{'First Name': 'Myrtle', 'Last Name': 'Puddle', 'Sales': 22729, 'Sales Target': 10000}</var>
<kw name="Fill and submit the form for one person">
<arg>${sales_rep}</arg>
<kw name="Input Text" library="RPA.Browser.Selenium">
<arg>firstname</arg>
<arg>${sales_rep}[First Name]</arg>
<doc>Types the given ``text`` into the text field identified by ``locator``.</doc>
<msg timestamp="20230417 09:10:54.907" level="INFO">Typing text 'Myrtle' into text field 'firstname'.</msg>
<status status="PASS" starttime="20230417 09:10:54.907" endtime="20230417 09:10:54.958"/>
</kw>
<kw name="Input Text" library="RPA.Browser.Selenium">
<arg>lastname</arg>
<arg>${sales_rep}[Last Name]</arg>
<doc>Types the given ``text`` into the text field identified by ``locator``.</doc>
<msg timestamp="20230417 09:10:54.959" level="INFO">Typing text 'Puddle' into text field 'lastname'.</msg>
<status status="PASS" starttime="20230417 09:10:54.958" endtime="20230417 09:10:54.992"/>
</kw>
<kw name="Input Text" library="RPA.Browser.Selenium">
<arg>salesresult</arg>
<arg>${sales_rep}[Sales]</arg>
<doc>Types the given ``text`` into the text field identified by ``locator``.</doc>
<msg timestamp="20230417 09:10:54.993" level="INFO">Typing text '22729' into text field 'salesresult'.</msg>
<status status="PASS" starttime="20230417 09:10:54.992" endtime="20230417 09:10:55.024"/>
</kw>
<kw name="Select From List By Value" library="RPA.Browser.Selenium">
<arg>salestarget</arg>
<arg>${sales_rep}[Sales Target]</arg>
<doc>Selects options from selection list ``locator`` by ``values``.</doc>
<msg timestamp="20230417 09:10:55.025" level="INFO">Selecting options from selection list 'salestarget' by value 10000.</msg>
<status status="PASS" starttime="20230417 09:10:55.025" endtime="20230417 09:10:55.275"/>
</kw>
<kw name="Click Button" library="RPA.Browser.Selenium">
<arg>Submit</arg>
<doc>Clicks the button identified by ``locator``.</doc>
<msg timestamp="20230417 09:10:55.275" level="INFO">Clicking button 'Submit'.</msg>
<status status="PASS" starttime="20230417 09:10:55.275" endtime="20230417 09:10:55.656"/>
</kw>
<status status="PASS" starttime="20230417 09:10:54.907" endtime="20230417 09:10:55.656"/>
</kw>
<status status="PASS" starttime="20230417 09:10:54.906" endtime="20230417 09:10:55.656"/>
</iter>
<iter>
<var name="${sales_rep}">{'First Name': 'Devi', 'Last Name': 'Oag', 'Sales': 140919, 'Sales Target': 10000}</var>
<kw name="Fill and submit the form for one person">
<arg>${sales_rep}</arg>
<kw name="Input Text" library="RPA.Browser.Selenium">
<arg>firstname</arg>
<arg>${sales_rep}[First Name]</arg>
<doc>Types the given ``text`` into the text field identified by ``locator``.</doc>
<msg timestamp="20230417 09:10:55.657" level="INFO">Typing text 'Devi' into text field 'firstname'.</msg>
<status status="PASS" starttime="20230417 09:10:55.657" endtime="20230417 09:10:55.696"/>
</kw>
<kw name="Input Text" library="RPA.Browser.Selenium">
<arg>lastname</arg>
<arg>${sales_rep}[Last Name]</arg>
<doc>Types the given ``text`` into the text field identified by ``locator``.</doc>
<msg timestamp="20230417 09:10:55.698" level="INFO">Typing text 'Oag' into text field 'lastname'.</msg>
<status status="PASS" starttime="20230417 09:10:55.696" endtime="20230417 09:10:55.778"/>
</kw>
<kw name="Input Text" library="RPA.Browser.Selenium">
<arg>salesresult</arg>
<arg>${sales_rep}[Sales]</arg>
<doc>Types the given ``text`` into the text field identified by ``locator``.</doc>
<msg timestamp="20230417 09:10:55.778" level="INFO">Typing text '140919' into text field 'salesresult'.</msg>
<status status="PASS" starttime="20230417 09:10:55.778" endtime="20230417 09:10:55.823"/>
</kw>
<kw name="Select From List By Value" library="RPA.Browser.Selenium">
<arg>salestarget</arg>
<arg>${sales_rep}[Sales Target]</arg>
<doc>Selects options from selection list ``locator`` by ``values``.</doc>
<msg timestamp="20230417 09:10:55.824" level="INFO">Selecting options from selection list 'salestarget' by value 10000.</msg>
<status status="PASS" starttime="20230417 09:10:55.823" endtime="20230417 09:10:56.075"/>
</kw>
<kw name="Click Button" library="RPA.Browser.Selenium">
<arg>Submit</arg>
<doc>Clicks the button identified by ``locator``.</doc>
<msg timestamp="20230417 09:10:56.075" level="INFO">Clicking button 'Submit'.</msg>
<status status="PASS" starttime="20230417 09:10:56.075" endtime="20230417 09:10:56.464"/>
</kw>
<status status="PASS" starttime="20230417 09:10:55.657" endtime="20230417 09:10:56.464"/>
</kw>
<status status="PASS" starttime="20230417 09:10:55.656" endtime="20230417 09:10:56.465"/>
</iter>
<iter>
<var name="${sales_rep}">{'First Name': 'Emyle', 'Last Name': "O'Driscole", 'Sales': 70981, 'Sales Target': 10000}</var>
<kw name="Fill and submit the form for one person">
<arg>${sales_rep}</arg>
<kw name="Input Text" library="RPA.Browser.Selenium">
<arg>firstname</arg>
<arg>${sales_rep}[First Name]</arg>
<doc>Types the given ``text`` into the text field identified by ``locator``.</doc>
<msg timestamp="20230417 09:10:56.467" level="INFO">Typing text 'Emyle' into text field 'firstname'.</msg>
<status status="PASS" starttime="20230417 09:10:56.466" endtime="20230417 09:10:56.512"/>
</kw>
<kw name="Input Text" library="RPA.Browser.Selenium">
<arg>lastname</arg>
<arg>${sales_rep}[Last Name]</arg>
<doc>Types the given ``text`` into the text field identified by ``locator``.</doc>
<msg timestamp="20230417 09:10:56.513" level="INFO">Typing text 'O'Driscole' into text field 'lastname'.</msg>
<status status="PASS" starttime="20230417 09:10:56.512" endtime="20230417 09:10:56.552"/>
</kw>
<kw name="Input Text" library="RPA.Browser.Selenium">
<arg>salesresult</arg>
<arg>${sales_rep}[Sales]</arg>
<doc>Types the given ``text`` into the text field identified by ``locator``.</doc>
<msg timestamp="20230417 09:10:56.553" level="INFO">Typing text '70981' into text field 'salesresult'.</msg>
<status status="PASS" starttime="20230417 09:10:56.553" endtime="20230417 09:10:56.586"/>
</kw>
<kw name="Select From List By Value" library="RPA.Browser.Selenium">
<arg>salestarget</arg>
<arg>${sales_rep}[Sales Target]</arg>
<doc>Selects options from selection list ``locator`` by ``values``.</doc>
<msg timestamp="20230417 09:10:56.587" level="INFO">Selecting options from selection list 'salestarget' by value 10000.</msg>
<status status="PASS" starttime="20230417 09:10:56.586" endtime="20230417 09:10:56.838"/>
</kw>
<kw name="Click Button" library="RPA.Browser.Selenium">
<arg>Submit</arg>
<doc>Clicks the button identified by ``locator``.</doc>
<msg timestamp="20230417 09:10:56.838" level="INFO">Clicking button 'Submit'.</msg>
<status status="PASS" starttime="20230417 09:10:56.838" endtime="20230417 09:10:56.995"/>
</kw>
<status status="PASS" starttime="20230417 09:10:56.465" endtime="20230417 09:10:56.995"/>
</kw>
<status status="PASS" starttime="20230417 09:10:56.465" endtime="20230417 09:10:56.995"/>
</iter>
<iter>
<var name="${sales_rep}">{'First Name': 'Mickie', 'Last Name': 'Linbohm', 'Sales': 80516, 'Sales Target': 10000}</var>
<kw name="Fill and submit the form for one person">
<arg>${sales_rep}</arg>
<kw name="Input Text" library="RPA.Browser.Selenium">
<arg>firstname</arg>
<arg>${sales_rep}[First Name]</arg>
<doc>Types the given ``text`` into the text field identified by ``locator``.</doc>
<msg timestamp="20230417 09:10:56.996" level="INFO">Typing text 'Mickie' into text field 'firstname'.</msg>
<status status="PASS" starttime="20230417 09:10:56.996" endtime="20230417 09:10:57.052"/>
</kw>
<kw name="Input Text" library="RPA.Browser.Selenium">
<arg>lastname</arg>
<arg>${sales_rep}[Last Name]</arg>
<doc>Types the given ``text`` into the text field identified by ``locator``.</doc>
<msg timestamp="20230417 09:10:57.053" level="INFO">Typing text 'Linbohm' into text field 'lastname'.</msg>
<status status="PASS" starttime="20230417 09:10:57.053" endtime="20230417 09:10:57.081"/>
</kw>
<kw name="Input Text" library="RPA.Browser.Selenium">
<arg>salesresult</arg>
<arg>${sales_rep}[Sales]</arg>
<doc>Types the given ``text`` into the text field identified by ``locator``.</doc>
<msg timestamp="20230417 09:10:57.082" level="INFO">Typing text '80516' into text field 'salesresult'.</msg>
<status status="PASS" starttime="20230417 09:10:57.081" endtime="20230417 09:10:57.178"/>
</kw>
<kw name="Select From List By Value" library="RPA.Browser.Selenium">
<arg>salestarget</arg>
<arg>${sales_rep}[Sales Target]</arg>
<doc>Selects options from selection list ``locator`` by ``values``.</doc>
<msg timestamp="20230417 09:10:57.178" level="INFO">Selecting options from selection list 'salestarget' by value 10000.</msg>
<status status="PASS" starttime="20230417 09:10:57.178" endtime="20230417 09:10:57.433"/>
</kw>
<kw name="Click Button" library="RPA.Browser.Selenium">
<arg>Submit</arg>
<doc>Clicks the button identified by ``locator``.</doc>
<msg timestamp="20230417 09:10:57.433" level="INFO">Clicking button 'Submit'.</msg>
<status status="PASS" starttime="20230417 09:10:57.433" endtime="20230417 09:10:57.588"/>
</kw>
<status status="PASS" starttime="20230417 09:10:56.995" endtime="20230417 09:10:57.589"/>
</kw>
<status status="PASS" starttime="20230417 09:10:56.995" endtime="20230417 09:10:57.589"/>
</iter>
<iter>
<var name="${sales_rep}">{'First Name': 'Isaac', 'Last Name': 'Asimov', 'Sales': 118852, 'Sales Target': 65000}</var>
<kw name="Fill and submit the form for one person">
<arg>${sales_rep}</arg>
<kw name="Input Text" library="RPA.Browser.Selenium">
<arg>firstname</arg>
<arg>${sales_rep}[First Name]</arg>
<doc>Types the given ``text`` into the text field identified by ``locator``.</doc>
<msg timestamp="20230417 09:10:57.590" level="INFO">Typing text 'Isaac' into text field 'firstname'.</msg>
<status status="PASS" starttime="20230417 09:10:57.590" endtime="20230417 09:10:57.643"/>
</kw>
<kw name="Input Text" library="RPA.Browser.Selenium">
<arg>lastname</arg>
<arg>${sales_rep}[Last Name]</arg>
<doc>Types the given ``text`` into the text field identified by ``locator``.</doc>
<msg timestamp="20230417 09:10:57.643" level="INFO">Typing text 'Asimov' into text field 'lastname'.</msg>
<status status="PASS" starttime="20230417 09:10:57.643" endtime="20230417 09:10:57.679"/>
</kw>
<kw name="Input Text" library="RPA.Browser.Selenium">
<arg>salesresult</arg>
<arg>${sales_rep}[Sales]</arg>
<doc>Types the given ``text`` into the text field identified by ``locator``.</doc>
<msg timestamp="20230417 09:10:57.680" level="INFO">Typing text '118852' into text field 'salesresult'.</msg>
<status status="PASS" starttime="20230417 09:10:57.680" endtime="20230417 09:10:57.767"/>
</kw>
<kw name="Select From List By Value" library="RPA.Browser.Selenium">
<arg>salestarget</arg>
<arg>${sales_rep}[Sales Target]</arg>
<doc>Selects options from selection list ``locator`` by ``values``.</doc>
<msg timestamp="20230417 09:10:57.768" level="INFO">Selecting options from selection list 'salestarget' by value 65000.</msg>
<status status="PASS" starttime="20230417 09:10:57.767" endtime="20230417 09:10:58.022"/>
</kw>
<kw name="Click Button" library="RPA.Browser.Selenium">
<arg>Submit</arg>
<doc>Clicks the button identified by ``locator``.</doc>
<msg timestamp="20230417 09:10:58.022" level="INFO">Clicking button 'Submit'.</msg>
<status status="PASS" starttime="20230417 09:10:58.022" endtime="20230417 09:10:58.177"/>
</kw>
<status status="PASS" starttime="20230417 09:10:57.589" endtime="20230417 09:10:58.178"/>
</kw>
<status status="PASS" starttime="20230417 09:10:57.589" endtime="20230417 09:10:58.178"/>
</iter>
<iter>
<var name="${sales_rep}">{'First Name': 'Florence', 'Last Name': 'Mundow', 'Sales': 122953, 'Sales Target': 10000}</var>
<kw name="Fill and submit the form for one person">
<arg>${sales_rep}</arg>
<kw name="Input Text" library="RPA.Browser.Selenium">
<arg>firstname</arg>
<arg>${sales_rep}[First Name]</arg>
<doc>Types the given ``text`` into the text field identified by ``locator``.</doc>
<msg timestamp="20230417 09:10:58.179" level="INFO">Typing text 'Florence' into text field 'firstname'.</msg>
<status status="PASS" starttime="20230417 09:10:58.179" endtime="20230417 09:10:58.254"/>
</kw>
<kw name="Input Text" library="RPA.Browser.Selenium">
<arg>lastname</arg>
<arg>${sales_rep}[Last Name]</arg>
<doc>Types the given ``text`` into the text field identified by ``locator``.</doc>
<msg timestamp="20230417 09:10:58.255" level="INFO">Typing text 'Mundow' into text field 'lastname'.</msg>
<status status="PASS" starttime="20230417 09:10:58.254" endtime="20230417 09:10:58.286"/>
</kw>
<kw name="Input Text" library="RPA.Browser.Selenium">
<arg>salesresult</arg>
<arg>${sales_rep}[Sales]</arg>
<doc>Types the given ``text`` into the text field identified by ``locator``.</doc>
<msg timestamp="20230417 09:10:58.287" level="INFO">Typing text '122953' into text field 'salesresult'.</msg>
<status status="PASS" starttime="20230417 09:10:58.286" endtime="20230417 09:10:58.353"/>
</kw>
<kw name="Select From List By Value" library="RPA.Browser.Selenium">
<arg>salestarget</arg>
<arg>${sales_rep}[Sales Target]</arg>
<doc>Selects options from selection list ``locator`` by ``values``.</doc>
<msg timestamp="20230417 09:10:58.354" level="INFO">Selecting options from selection list 'salestarget' by value 10000.</msg>
<status status="PASS" starttime="20230417 09:10:58.354" endtime="20230417 09:10:58.603"/>
</kw>
<kw name="Click Button" library="RPA.Browser.Selenium">
<arg>Submit</arg>
<doc>Clicks the button identified by ``locator``.</doc>
<msg timestamp="20230417 09:10:58.603" level="INFO">Clicking button 'Submit'.</msg>
<status status="PASS" starttime="20230417 09:10:58.603" endtime="20230417 09:10:58.770"/>
</kw>
<status status="PASS" starttime="20230417 09:10:58.178" endtime="20230417 09:10:58.770"/>
</kw>
<status status="PASS" starttime="20230417 09:10:58.178" endtime="20230417 09:10:58.770"/>
</iter>
<iter>
<var name="${sales_rep}">{'First Name': 'Mahalia', 'Last Name': 'Goodee', 'Sales': 46997, 'Sales Target': 45000}</var>
<kw name="Fill and submit the form for one person">
<arg>${sales_rep}</arg>
<kw name="Input Text" library="RPA.Browser.Selenium">
<arg>firstname</arg>
<arg>${sales_rep}[First Name]</arg>
<doc>Types the given ``text`` into the text field identified by ``locator``.</doc>
<msg timestamp="20230417 09:10:58.772" level="INFO">Typing text 'Mahalia' into text field 'firstname'.</msg>
<status status="PASS" starttime="20230417 09:10:58.771" endtime="20230417 09:10:58.834"/>
</kw>
<kw name="Input Text" library="RPA.Browser.Selenium">
<arg>lastname</arg>
<arg>${sales_rep}[Last Name]</arg>
<doc>Types the given ``text`` into the text field identified by ``locator``.</doc>
<msg timestamp="20230417 09:10:58.835" level="INFO">Typing text 'Goodee' into text field 'lastname'.</msg>
<status status="PASS" starttime="20230417 09:10:58.835" endtime="20230417 09:10:58.871"/>
</kw>
<kw name="Input Text" library="RPA.Browser.Selenium">
<arg>salesresult</arg>
<arg>${sales_rep}[Sales]</arg>
<doc>Types the given ``text`` into the text field identified by ``locator``.</doc>
<msg timestamp="20230417 09:10:58.871" level="INFO">Typing text '46997' into text field 'salesresult'.</msg>
<status status="PASS" starttime="20230417 09:10:58.871" endtime="20230417 09:10:58.907"/>
</kw>
<kw name="Select From List By Value" library="RPA.Browser.Selenium">
<arg>salestarget</arg>
<arg>${sales_rep}[Sales Target]</arg>
<doc>Selects options from selection list ``locator`` by ``values``.</doc>
<msg timestamp="20230417 09:10:58.908" level="INFO">Selecting options from selection list 'salestarget' by value 45000.</msg>
<status status="PASS" starttime="20230417 09:10:58.907" endtime="20230417 09:10:59.164"/>
</kw>
<kw name="Click Button" library="RPA.Browser.Selenium">
<arg>Submit</arg>
<doc>Clicks the button identified by ``locator``.</doc>
<msg timestamp="20230417 09:10:59.164" level="INFO">Clicking button 'Submit'.</msg>
<status status="PASS" starttime="20230417 09:10:59.164" endtime="20230417 09:10:59.355"/>
</kw>
<status status="PASS" starttime="20230417 09:10:58.771" endtime="20230417 09:10:59.355"/>
</kw>
<status status="PASS" starttime="20230417 09:10:58.771" endtime="20230417 09:10:59.355"/>
</iter>
<iter>
<var name="${sales_rep}">{'First Name': 'Christy', 'Last Name': 'Iwaszkiewicz', 'Sales': 91465, 'Sales Target': 100000}</var>
<kw name="Fill and submit the form for one person">
<arg>${sales_rep}</arg>
<kw name="Input Text" library="RPA.Browser.Selenium">
<arg>firstname</arg>
<arg>${sales_rep}[First Name]</arg>
<doc>Types the given ``text`` into the text field identified by ``locator``.</doc>
<msg timestamp="20230417 09:10:59.356" level="INFO">Typing text 'Christy' into text field 'firstname'.</msg>
<status status="PASS" starttime="20230417 09:10:59.356" endtime="20230417 09:10:59.401"/>
</kw>
<kw name="Input Text" library="RPA.Browser.Selenium">
<arg>lastname</arg>
<arg>${sales_rep}[Last Name]</arg>
<doc>Types the given ``text`` into the text field identified by ``locator``.</doc>
<msg timestamp="20230417 09:10:59.403" level="INFO">Typing text 'Iwaszkiewicz' into text field 'lastname'.</msg>
<status status="PASS" starttime="20230417 09:10:59.401" endtime="20230417 09:10:59.471"/>
</kw>
<kw name="Input Text" library="RPA.Browser.Selenium">
<arg>salesresult</arg>
<arg>${sales_rep}[Sales]</arg>
<doc>Types the given ``text`` into the text field identified by ``locator``.</doc>
<msg timestamp="20230417 09:10:59.472" level="INFO">Typing text '91465' into text field 'salesresult'.</msg>
<status status="PASS" starttime="20230417 09:10:59.471" endtime="20230417 09:10:59.501"/>
</kw>
<kw name="Select From List By Value" library="RPA.Browser.Selenium">
<arg>salestarget</arg>
<arg>${sales_rep}[Sales Target]</arg>
<doc>Selects options from selection list ``locator`` by ``values``.</doc>
<msg timestamp="20230417 09:10:59.502" level="INFO">Selecting options from selection list 'salestarget' by value 100000.</msg>
<status status="PASS" starttime="20230417 09:10:59.501" endtime="20230417 09:10:59.775"/>
</kw>
<kw name="Click Button" library="RPA.Browser.Selenium">
<arg>Submit</arg>
<doc>Clicks the button identified by ``locator``.</doc>
<msg timestamp="20230417 09:10:59.775" level="INFO">Clicking button 'Submit'.</msg>
<status status="PASS" starttime="20230417 09:10:59.775" endtime="20230417 09:10:59.934"/>
</kw>
<status status="PASS" starttime="20230417 09:10:59.356" endtime="20230417 09:10:59.934"/>
</kw>
<status status="PASS" starttime="20230417 09:10:59.355" endtime="20230417 09:10:59.934"/>
</iter>
<iter>
<var name="${sales_rep}">{'First Name': 'Madelyn', 'Last Name': 'Sire', 'Sales': 66825, 'Sales Target': 60000}</var>
<kw name="Fill and submit the form for one person">
<arg>${sales_rep}</arg>
<kw name="Input Text" library="RPA.Browser.Selenium">
<arg>firstname</arg>
<arg>${sales_rep}[First Name]</arg>
<doc>Types the given ``text`` into the text field identified by ``locator``.</doc>
<msg timestamp="20230417 09:10:59.936" level="INFO">Typing text 'Madelyn' into text field 'firstname'.</msg>
<status status="PASS" starttime="20230417 09:10:59.935" endtime="20230417 09:10:59.989"/>
</kw>
<kw name="Input Text" library="RPA.Browser.Selenium">
<arg>lastname</arg>
<arg>${sales_rep}[Last Name]</arg>
<doc>Types the given ``text`` into the text field identified by ``locator``.</doc>
<msg timestamp="20230417 09:10:59.989" level="INFO">Typing text 'Sire' into text field 'lastname'.</msg>
<status status="PASS" starttime="20230417 09:10:59.989" endtime="20230417 09:11:00.019"/>
</kw>
<kw name="Input Text" library="RPA.Browser.Selenium">
<arg>salesresult</arg>
<arg>${sales_rep}[Sales]</arg>
<doc>Types the given ``text`` into the text field identified by ``locator``.</doc>
<msg timestamp="20230417 09:11:00.020" level="INFO">Typing text '66825' into text field 'salesresult'.</msg>
<status status="PASS" starttime="20230417 09:11:00.020" endtime="20230417 09:11:00.069"/>
</kw>
<kw name="Select From List By Value" library="RPA.Browser.Selenium">
<arg>salestarget</arg>
<arg>${sales_rep}[Sales Target]</arg>
<doc>Selects options from selection list ``locator`` by ``values``.</doc>
<msg timestamp="20230417 09:11:00.070" level="INFO">Selecting options from selection list 'salestarget' by value 60000.</msg>
<status status="PASS" starttime="20230417 09:11:00.069" endtime="20230417 09:11:00.321"/>
</kw>
<kw name="Click Button" library="RPA.Browser.Selenium">
<arg>Submit</arg>
<doc>Clicks the button identified by ``locator``.</doc>
<msg timestamp="20230417 09:11:00.321" level="INFO">Clicking button 'Submit'.</msg>
<status status="PASS" starttime="20230417 09:11:00.321" endtime="20230417 09:11:00.478"/>
</kw>
<status status="PASS" starttime="20230417 09:10:59.934" endtime="20230417 09:11:00.478"/>
</kw>
<status status="PASS" starttime="20230417 09:10:59.934" endtime="20230417 09:11:00.478"/>
</iter>
<iter>
<var name="${sales_rep}">{'First Name': 'Thurstan', 'Last Name': 'Karus', 'Sales': 131244, 'Sales Target': 50000}</var>
<kw name="Fill and submit the form for one person">
<arg>${sales_rep}</arg>
<kw name="Input Text" library="RPA.Browser.Selenium">
<arg>firstname</arg>
<arg>${sales_rep}[First Name]</arg>
<doc>Types the given ``text`` into the text field identified by ``locator``.</doc>
<msg timestamp="20230417 09:11:00.480" level="INFO">Typing text 'Thurstan' into text field 'firstname'.</msg>
<status status="PASS" starttime="20230417 09:11:00.480" endtime="20230417 09:11:00.528"/>
</kw>
<kw name="Input Text" library="RPA.Browser.Selenium">
<arg>lastname</arg>
<arg>${sales_rep}[Last Name]</arg>
<doc>Types the given ``text`` into the text field identified by ``locator``.</doc>
<msg timestamp="20230417 09:11:00.528" level="INFO">Typing text 'Karus' into text field 'lastname'.</msg>
<status status="PASS" starttime="20230417 09:11:00.528" endtime="20230417 09:11:00.573"/>
</kw>
<kw name="Input Text" library="RPA.Browser.Selenium">
<arg>salesresult</arg>
<arg>${sales_rep}[Sales]</arg>
<doc>Types the given ``text`` into the text field identified by ``locator``.</doc>
<msg timestamp="20230417 09:11:00.574" level="INFO">Typing text '131244' into text field 'salesresult'.</msg>
<status status="PASS" starttime="20230417 09:11:00.574" endtime="20230417 09:11:00.612"/>
</kw>
<kw name="Select From List By Value" library="RPA.Browser.Selenium">
<arg>salestarget</arg>
<arg>${sales_rep}[Sales Target]</arg>
<doc>Selects options from selection list ``locator`` by ``values``.</doc>
<msg timestamp="20230417 09:11:00.613" level="INFO">Selecting options from selection list 'salestarget' by value 50000.</msg>
<status status="PASS" starttime="20230417 09:11:00.612" endtime="20230417 09:11:00.881"/>
</kw>
<kw name="Click Button" library="RPA.Browser.Selenium">
<arg>Submit</arg>
<doc>Clicks the button identified by ``locator``.</doc>
<msg timestamp="20230417 09:11:00.882" level="INFO">Clicking button 'Submit'.</msg>
<status status="PASS" starttime="20230417 09:11:00.881" endtime="20230417 09:11:01.113"/>
</kw>
<status status="PASS" starttime="20230417 09:11:00.478" endtime="20230417 09:11:01.113"/>
</kw>
<status status="PASS" starttime="20230417 09:11:00.478" endtime="20230417 09:11:01.113"/>
</iter>
<iter>
<var name="${sales_rep}">{'First Name': 'Bibi', 'Last Name': 'Rosita', 'Sales': 94131, 'Sales Target': 30000}</var>
<kw name="Fill and submit the form for one person">
<arg>${sales_rep}</arg>
<kw name="Input Text" library="RPA.Browser.Selenium">
<arg>firstname</arg>
<arg>${sales_rep}[First Name]</arg>
<doc>Types the given ``text`` into the text field identified by ``locator``.</doc>
<msg timestamp="20230417 09:11:01.115" level="INFO">Typing text 'Bibi' into text field 'firstname'.</msg>
<status status="PASS" starttime="20230417 09:11:01.114" endtime="20230417 09:11:01.162"/>
</kw>
<kw name="Input Text" library="RPA.Browser.Selenium">
<arg>lastname</arg>
<arg>${sales_rep}[Last Name]</arg>
<doc>Types the given ``text`` into the text field identified by ``locator``.</doc>
<msg timestamp="20230417 09:11:01.163" level="INFO">Typing text 'Rosita' into text field 'lastname'.</msg>
<status status="PASS" starttime="20230417 09:11:01.162" endtime="20230417 09:11:01.196"/>
</kw>
<kw name="Input Text" library="RPA.Browser.Selenium">
<arg>salesresult</arg>
<arg>${sales_rep}[Sales]</arg>
<doc>Types the given ``text`` into the text field identified by ``locator``.</doc>
<msg timestamp="20230417 09:11:01.196" level="INFO">Typing text '94131' into text field 'salesresult'.</msg>
<status status="PASS" starttime="20230417 09:11:01.196" endtime="20230417 09:11:01.270"/>
</kw>
<kw name="Select From List By Value" library="RPA.Browser.Selenium">
<arg>salestarget</arg>
<arg>${sales_rep}[Sales Target]</arg>
<doc>Selects options from selection list ``locator`` by ``values``.</doc>
<msg timestamp="20230417 09:11:01.271" level="INFO">Selecting options from selection list 'salestarget' by value 30000.</msg>
<status status="PASS" starttime="20230417 09:11:01.270" endtime="20230417 09:11:01.521"/>
</kw>
<kw name="Click Button" library="RPA.Browser.Selenium">
<arg>Submit</arg>
<doc>Clicks the button identified by ``locator``.</doc>
<msg timestamp="20230417 09:11:01.521" level="INFO">Clicking button 'Submit'.</msg>
<status status="PASS" starttime="20230417 09:11:01.521" endtime="20230417 09:11:01.684"/>
</kw>
<status status="PASS" starttime="20230417 09:11:01.113" endtime="20230417 09:11:01.684"/>
</kw>
<status status="PASS" starttime="20230417 09:11:01.113" endtime="20230417 09:11:01.684"/>
</iter>
<iter>
<var name="${sales_rep}">{'First Name': 'Abbe', 'Last Name': 'Aldcorn', 'Sales': 97489, 'Sales Target': 60000}</var>
<kw name="Fill and submit the form for one person">
<arg>${sales_rep}</arg>
<kw name="Input Text" library="RPA.Browser.Selenium">
<arg>firstname</arg>
<arg>${sales_rep}[First Name]</arg>
<doc>Types the given ``text`` into the text field identified by ``locator``.</doc>
<msg timestamp="20230417 09:11:01.686" level="INFO">Typing text 'Abbe' into text field 'firstname'.</msg>
<status status="PASS" starttime="20230417 09:11:01.686" endtime="20230417 09:11:01.773"/>
</kw>
<kw name="Input Text" library="RPA.Browser.Selenium">
<arg>lastname</arg>
<arg>${sales_rep}[Last Name]</arg>
<doc>Types the given ``text`` into the text field identified by ``locator``.</doc>
<msg timestamp="20230417 09:11:01.774" level="INFO">Typing text 'Aldcorn' into text field 'lastname'.</msg>
<status status="PASS" starttime="20230417 09:11:01.773" endtime="20230417 09:11:01.810"/>
</kw>
<kw name="Input Text" library="RPA.Browser.Selenium">
<arg>salesresult</arg>
<arg>${sales_rep}[Sales]</arg>
<doc>Types the given ``text`` into the text field identified by ``locator``.</doc>
<msg timestamp="20230417 09:11:01.811" level="INFO">Typing text '97489' into text field 'salesresult'.</msg>
<status status="PASS" starttime="20230417 09:11:01.810" endtime="20230417 09:11:01.846"/>
</kw>
<kw name="Select From List By Value" library="RPA.Browser.Selenium">
<arg>salestarget</arg>
<arg>${sales_rep}[Sales Target]</arg>
<doc>Selects options from selection list ``locator`` by ``values``.</doc>
<msg timestamp="20230417 09:11:01.847" level="INFO">Selecting options from selection list 'salestarget' by value 60000.</msg>
<status status="PASS" starttime="20230417 09:11:01.846" endtime="20230417 09:11:02.098"/>
</kw>
<kw name="Click Button" library="RPA.Browser.Selenium">
<arg>Submit</arg>
<doc>Clicks the button identified by ``locator``.</doc>
<msg timestamp="20230417 09:11:02.098" level="INFO">Clicking button 'Submit'.</msg>
<status status="PASS" starttime="20230417 09:11:02.098" endtime="20230417 09:11:02.269"/>
</kw>
<status status="PASS" starttime="20230417 09:11:01.685" endtime="20230417 09:11:02.269"/>
</kw>
<status status="PASS" starttime="20230417 09:11:01.685" endtime="20230417 09:11:02.269"/>
</iter>
<iter>
<var name="${sales_rep}">{'First Name': 'Ariadne', 'Last Name': 'Kiessel', 'Sales': 86637, 'Sales Target': 70000}</var>
<kw name="Fill and submit the form for one person">
<arg>${sales_rep}</arg>
<kw name="Input Text" library="RPA.Browser.Selenium">
<arg>firstname</arg>
<arg>${sales_rep}[First Name]</arg>
<doc>Types the given ``text`` into the text field identified by ``locator``.</doc>
<msg timestamp="20230417 09:11:02.271" level="INFO">Typing text 'Ariadne' into text field 'firstname'.</msg>
<status status="PASS" starttime="20230417 09:11:02.270" endtime="20230417 09:11:02.380"/>
</kw>
<kw name="Input Text" library="RPA.Browser.Selenium">
<arg>lastname</arg>
<arg>${sales_rep}[Last Name]</arg>
<doc>Types the given ``text`` into the text field identified by ``locator``.</doc>
<msg timestamp="20230417 09:11:02.381" level="INFO">Typing text 'Kiessel' into text field 'lastname'.</msg>
<status status="PASS" starttime="20230417 09:11:02.380" endtime="20230417 09:11:02.416"/>
</kw>
<kw name="Input Text" library="RPA.Browser.Selenium">
<arg>salesresult</arg>
<arg>${sales_rep}[Sales]</arg>
<doc>Types the given ``text`` into the text field identified by ``locator``.</doc>
<msg timestamp="20230417 09:11:02.417" level="INFO">Typing text '86637' into text field 'salesresult'.</msg>
<status status="PASS" starttime="20230417 09:11:02.417" endtime="20230417 09:11:02.452"/>
</kw>
<kw name="Select From List By Value" library="RPA.Browser.Selenium">
<arg>salestarget</arg>
<arg>${sales_rep}[Sales Target]</arg>
<doc>Selects options from selection list ``locator`` by ``values``.</doc>
<msg timestamp="20230417 09:11:02.453" level="INFO">Selecting options from selection list 'salestarget' by value 70000.</msg>
<status status="PASS" starttime="20230417 09:11:02.453" endtime="20230417 09:11:02.701"/>
</kw>
<kw name="Click Button" library="RPA.Browser.Selenium">
<arg>Submit</arg>
<doc>Clicks the button identified by ``locator``.</doc>
<msg timestamp="20230417 09:11:02.701" level="INFO">Clicking button 'Submit'.</msg>
<status status="PASS" starttime="20230417 09:11:02.701" endtime="20230417 09:11:02.876"/>
</kw>
<status status="PASS" starttime="20230417 09:11:02.270" endtime="20230417 09:11:02.876"/>
</kw>
<status status="PASS" starttime="20230417 09:11:02.269" endtime="20230417 09:11:02.876"/>
</iter>
<iter>
<var name="${sales_rep}">{'First Name': 'Tiffany', 'Last Name': 'Emerine', 'Sales': 124313, 'Sales Target': 50000}</var>
<kw name="Fill and submit the form for one person">
<arg>${sales_rep}</arg>
<kw name="Input Text" library="RPA.Browser.Selenium">
<arg>firstname</arg>
<arg>${sales_rep}[First Name]</arg>
<doc>Types the given ``text`` into the text field identified by ``locator``.</doc>
<msg timestamp="20230417 09:11:02.878" level="INFO">Typing text 'Tiffany' into text field 'firstname'.</msg>
<status status="PASS" starttime="20230417 09:11:02.877" endtime="20230417 09:11:02.930"/>
</kw>
<kw name="Input Text" library="RPA.Browser.Selenium">
<arg>lastname</arg>
<arg>${sales_rep}[Last Name]</arg>
<doc>Types the given ``text`` into the text field identified by ``locator``.</doc>
<msg timestamp="20230417 09:11:02.931" level="INFO">Typing text 'Emerine' into text field 'lastname'.</msg>
<status status="PASS" starttime="20230417 09:11:02.930" endtime="20230417 09:11:02.966"/>
</kw>
<kw name="Input Text" library="RPA.Browser.Selenium">
<arg>salesresult</arg>
<arg>${sales_rep}[Sales]</arg>
<doc>Types the given ``text`` into the text field identified by ``locator``.</doc>
<msg timestamp="20230417 09:11:02.967" level="INFO">Typing text '124313' into text field 'salesresult'.</msg>
<status status="PASS" starttime="20230417 09:11:02.966" endtime="20230417 09:11:03.005"/>
</kw>
<kw name="Select From List By Value" library="RPA.Browser.Selenium">
<arg>salestarget</arg>
<arg>${sales_rep}[Sales Target]</arg>
<doc>Selects options from selection list ``locator`` by ``values``.</doc>
<msg timestamp="20230417 09:11:03.006" level="INFO">Selecting options from selection list 'salestarget' by value 50000.</msg>
<status status="PASS" starttime="20230417 09:11:03.005" endtime="20230417 09:11:03.247"/>
</kw>
<kw name="Click Button" library="RPA.Browser.Selenium">
<arg>Submit</arg>
<doc>Clicks the button identified by ``locator``.</doc>
<msg timestamp="20230417 09:11:03.247" level="INFO">Clicking button 'Submit'.</msg>
<status status="PASS" starttime="20230417 09:11:03.247" endtime="20230417 09:11:03.401"/>
</kw>
<status status="PASS" starttime="20230417 09:11:02.877" endtime="20230417 09:11:03.402"/>
</kw>
<status status="PASS" starttime="20230417 09:11:02.877" endtime="20230417 09:11:03.402"/>
</iter>
<iter>
<var name="${sales_rep}">{'First Name': 'Jelene', 'Last Name': 'Pridden', 'Sales': 91489, 'Sales Target': 35000}</var>
<kw name="Fill and submit the form for one person">
<arg>${sales_rep}</arg>
<kw name="Input Text" library="RPA.Browser.Selenium">
<arg>firstname</arg>
<arg>${sales_rep}[First Name]</arg>
<doc>Types the given ``text`` into the text field identified by ``locator``.</doc>
<msg timestamp="20230417 09:11:03.403" level="INFO">Typing text 'Jelene' into text field 'firstname'.</msg>
<status status="PASS" starttime="20230417 09:11:03.403" endtime="20230417 09:11:03.453"/>
</kw>
<kw name="Input Text" library="RPA.Browser.Selenium">
<arg>lastname</arg>
<arg>${sales_rep}[Last Name]</arg>
<doc>Types the given ``text`` into the text field identified by ``locator``.</doc>
<msg timestamp="20230417 09:11:03.454" level="INFO">Typing text 'Pridden' into text field 'lastname'.</msg>
<status status="PASS" starttime="20230417 09:11:03.454" endtime="20230417 09:11:03.494"/>
</kw>
<kw name="Input Text" library="RPA.Browser.Selenium">
<arg>salesresult</arg>
<arg>${sales_rep}[Sales]</arg>
<doc>Types the given ``text`` into the text field identified by ``locator``.</doc>
<msg timestamp="20230417 09:11:03.495" level="INFO">Typing text '91489' into text field 'salesresult'.</msg>
<status status="PASS" starttime="20230417 09:11:03.494" endtime="20230417 09:11:03.530"/>
</kw>
<kw name="Select From List By Value" library="RPA.Browser.Selenium">
<arg>salestarget</arg>
<arg>${sales_rep}[Sales Target]</arg>
<doc>Selects options from selection list ``locator`` by ``values``.</doc>
<msg timestamp="20230417 09:11:03.531" level="INFO">Selecting options from selection list 'salestarget' by value 35000.</msg>
<status status="PASS" starttime="20230417 09:11:03.530" endtime="20230417 09:11:03.779"/>
</kw>
<kw name="Click Button" library="RPA.Browser.Selenium">
<arg>Submit</arg>
<doc>Clicks the button identified by ``locator``.</doc>
<msg timestamp="20230417 09:11:03.779" level="INFO">Clicking button 'Submit'.</msg>
<status status="PASS" starttime="20230417 09:11:03.779" endtime="20230417 09:11:03.937"/>
</kw>
<status status="PASS" starttime="20230417 09:11:03.402" endtime="20230417 09:11:03.937"/>
</kw>
<status status="PASS" starttime="20230417 09:11:03.402" endtime="20230417 09:11:03.937"/>
</iter>
<iter>
<var name="${sales_rep}">{'First Name': 'Claus', 'Last Name': 'Bawcock', 'Sales': 140602, 'Sales Target': 25000}</var>
<kw name="Fill and submit the form for one person">
<arg>${sales_rep}</arg>
<kw name="Input Text" library="RPA.Browser.Selenium">
<arg>firstname</arg>
<arg>${sales_rep}[First Name]</arg>
<doc>Types the given ``text`` into the text field identified by ``locator``.</doc>
<msg timestamp="20230417 09:11:03.939" level="INFO">Typing text 'Claus' into text field 'firstname'.</msg>
<status status="PASS" starttime="20230417 09:11:03.938" endtime="20230417 09:11:03.990"/>
</kw>
<kw name="Input Text" library="RPA.Browser.Selenium">
<arg>lastname</arg>
<arg>${sales_rep}[Last Name]</arg>
<doc>Types the given ``text`` into the text field identified by ``locator``.</doc>
<msg timestamp="20230417 09:11:03.990" level="INFO">Typing text 'Bawcock' into text field 'lastname'.</msg>
<status status="PASS" starttime="20230417 09:11:03.990" endtime="20230417 09:11:04.019"/>
</kw>
<kw name="Input Text" library="RPA.Browser.Selenium">
<arg>salesresult</arg>
<arg>${sales_rep}[Sales]</arg>
<doc>Types the given ``text`` into the text field identified by ``locator``.</doc>
<msg timestamp="20230417 09:11:04.020" level="INFO">Typing text '140602' into text field 'salesresult'.</msg>
<status status="PASS" starttime="20230417 09:11:04.020" endtime="20230417 09:11:04.045"/>
</kw>
[...]
<msg timestamp="20230417 09:11:10.301" level="INFO">Selecting options from selection list 'salestarget' by value 85000.</msg>
<status status="PASS" starttime="20230417 09:11:10.301" endtime="20230417 09:11:10.547"/>
</kw>
<kw name="Click Button" library="RPA.Browser.Selenium">
<arg>Submit</arg>
<doc>Clicks the button identified by ``locator``.</doc>
<msg timestamp="20230417 09:11:10.547" level="INFO">Clicking button 'Submit'.</msg>
<status status="PASS" starttime="20230417 09:11:10.547" endtime="20230417 09:11:10.755"/>
</kw>
<status status="PASS" starttime="20230417 09:11:10.158" endtime="20230417 09:11:10.756"/>
</kw>
<status status="PASS" starttime="20230417 09:11:10.158" endtime="20230417 09:11:10.756"/>
</iter>
<iter>
<var name="${sales_rep}">{'First Name': 'Jenine', 'Last Name': 'Kidby', 'Sales': 133576, 'Sales Target': 60000}</var>
<kw name="Fill and submit the form for one person">
<arg>${sales_rep}</arg>
<kw name="Input Text" library="RPA.Browser.Selenium">
<arg>firstname</arg>
<arg>${sales_rep}[First Name]</arg>
<doc>Types the given ``text`` into the text field identified by ``locator``.</doc>
<msg timestamp="20230417 09:11:10.757" level="INFO">Typing text 'Jenine' into text field 'firstname'.</msg>
<status status="PASS" starttime="20230417 09:11:10.757" endtime="20230417 09:11:10.814"/>
</kw>
<kw name="Input Text" library="RPA.Browser.Selenium">
<arg>lastname</arg>
<arg>${sales_rep}[Last Name]</arg>
<doc>Types the given ``text`` into the text field identified by ``locator``.</doc>
<msg timestamp="20230417 09:11:10.815" level="INFO">Typing text 'Kidby' into text field 'lastname'.</msg>
<status status="PASS" starttime="20230417 09:11:10.814" endtime="20230417 09:11:10.858"/>
</kw>
<kw name="Input Text" library="RPA.Browser.Selenium">
<arg>salesresult</arg>
<arg>${sales_rep}[Sales]</arg>
<doc>Types the given ``text`` into the text field identified by ``locator``.</doc>
<msg timestamp="20230417 09:11:10.859" level="INFO">Typing text '133576' into text field 'salesresult'.</msg>
<status status="PASS" starttime="20230417 09:11:10.858" endtime="20230417 09:11:10.890"/>
</kw>
<kw name="Select From List By Value" library="RPA.Browser.Selenium">
<arg>salestarget</arg>
<arg>${sales_rep}[Sales Target]</arg>
<doc>Selects options from selection list ``locator`` by ``values``.</doc>
<msg timestamp="20230417 09:11:10.891" level="INFO">Selecting options from selection list 'salestarget' by value 60000.</msg>
<status status="PASS" starttime="20230417 09:11:10.890" endtime="20230417 09:11:11.152"/>
</kw>
<kw name="Click Button" library="RPA.Browser.Selenium">
<arg>Submit</arg>
<doc>Clicks the button identified by ``locator``.</doc>
<msg timestamp="20230417 09:11:11.153" level="INFO">Clicking button 'Submit'.</msg>
<status status="PASS" starttime="20230417 09:11:11.152" endtime="20230417 09:11:11.324"/>
</kw>
<status status="PASS" starttime="20230417 09:11:10.756" endtime="20230417 09:11:11.325"/>
</kw>
<status status="PASS" starttime="20230417 09:11:10.756" endtime="20230417 09:11:11.325"/>
</iter>
<iter>
<var name="${sales_rep}">{'First Name': 'Hortensia', 'Last Name': 'Leal', 'Sales': 29530, 'Sales Target': 70000}</var>
<kw name="Fill and submit the form for one person">
<arg>${sales_rep}</arg>
<kw name="Input Text" library="RPA.Browser.Selenium">
<arg>firstname</arg>
<arg>${sales_rep}[First Name]</arg>
<doc>Types the given ``text`` into the text field identified by ``locator``.</doc>
<msg timestamp="20230417 09:11:11.326" level="INFO">Typing text 'Hortensia' into text field 'firstname'.</msg>
<status status="PASS" starttime="20230417 09:11:11.326" endtime="20230417 09:11:11.374"/>
</kw>
<kw name="Input Text" library="RPA.Browser.Selenium">
<arg>lastname</arg>
<arg>${sales_rep}[Last Name]</arg>
<doc>Types the given ``text`` into the text field identified by ``locator``.</doc>
<msg timestamp="20230417 09:11:11.375" level="INFO">Typing text 'Leal' into text field 'lastname'.</msg>
<status status="PASS" starttime="20230417 09:11:11.374" endtime="20230417 09:11:11.411"/>
</kw>
<kw name="Input Text" library="RPA.Browser.Selenium">
<arg>salesresult</arg>
<arg>${sales_rep}[Sales]</arg>
<doc>Types the given ``text`` into the text field identified by ``locator``.</doc>
<msg timestamp="20230417 09:11:11.412" level="INFO">Typing text '29530' into text field 'salesresult'.</msg>
<status status="PASS" starttime="20230417 09:11:11.412" endtime="20230417 09:11:11.447"/>
</kw>
<kw name="Select From List By Value" library="RPA.Browser.Selenium">
<arg>salestarget</arg>
<arg>${sales_rep}[Sales Target]</arg>
<doc>Selects options from selection list ``locator`` by ``values``.</doc>
<msg timestamp="20230417 09:11:11.448" level="INFO">Selecting options from selection list 'salestarget' by value 70000.</msg>
<status status="PASS" starttime="20230417 09:11:11.447" endtime="20230417 09:11:11.700"/>
</kw>
<kw name="Click Button" library="RPA.Browser.Selenium">
<arg>Submit</arg>
<doc>Clicks the button identified by ``locator``.</doc>
<msg timestamp="20230417 09:11:11.700" level="INFO">Clicking button 'Submit'.</msg>
<status status="PASS" starttime="20230417 09:11:11.700" endtime="20230417 09:11:11.863"/>
</kw>
<status status="PASS" starttime="20230417 09:11:11.325" endtime="20230417 09:11:11.863"/>
</kw>
<status status="PASS" starttime="20230417 09:11:11.325" endtime="20230417 09:11:11.863"/>
</iter>
<iter>
<var name="${sales_rep}">{'First Name': 'Regina', 'Last Name': 'Gurling', 'Sales': 86186, 'Sales Target': 15000}</var>
<kw name="Fill and submit the form for one person">
<arg>${sales_rep}</arg>
<kw name="Input Text" library="RPA.Browser.Selenium">
<arg>firstname</arg>
<arg>${sales_rep}[First Name]</arg>
<doc>Types the given ``text`` into the text field identified by ``locator``.</doc>
<msg timestamp="20230417 09:11:11.864" level="INFO">Typing text 'Regina' into text field 'firstname'.</msg>
<status status="PASS" starttime="20230417 09:11:11.864" endtime="20230417 09:11:11.918"/>
</kw>
<kw name="Input Text" library="RPA.Browser.Selenium">
<arg>lastname</arg>
<arg>${sales_rep}[Last Name]</arg>
<doc>Types the given ``text`` into the text field identified by ``locator``.</doc>
<msg timestamp="20230417 09:11:11.918" level="INFO">Typing text 'Gurling' into text field 'lastname'.</msg>
<status status="PASS" starttime="20230417 09:11:11.918" endtime="20230417 09:11:11.952"/>
</kw>
<kw name="Input Text" library="RPA.Browser.Selenium">
<arg>salesresult</arg>
<arg>${sales_rep}[Sales]</arg>
<doc>Types the given ``text`` into the text field identified by ``locator``.</doc>
<msg timestamp="20230417 09:11:11.952" level="INFO">Typing text '86186' into text field 'salesresult'.</msg>
<status status="PASS" starttime="20230417 09:11:11.952" endtime="20230417 09:11:11.984"/>
</kw>
<kw name="Select From List By Value" library="RPA.Browser.Selenium">
<arg>salestarget</arg>
<arg>${sales_rep}[Sales Target]</arg>
<doc>Selects options from selection list ``locator`` by ``values``.</doc>
<msg timestamp="20230417 09:11:11.985" level="INFO">Selecting options from selection list 'salestarget' by value 15000.</msg>
<status status="PASS" starttime="20230417 09:11:11.984" endtime="20230417 09:11:12.227"/>
</kw>
<kw name="Click Button" library="RPA.Browser.Selenium">
<arg>Submit</arg>
<doc>Clicks the button identified by ``locator``.</doc>
<msg timestamp="20230417 09:11:12.227" level="INFO">Clicking button 'Submit'.</msg>
<status status="PASS" starttime="20230417 09:11:12.227" endtime="20230417 09:11:12.395"/>
</kw>
<status status="PASS" starttime="20230417 09:11:11.864" endtime="20230417 09:11:12.395"/>
</kw>
<status status="PASS" starttime="20230417 09:11:11.864" endtime="20230417 09:11:12.395"/>
</iter>
<iter>
<var name="${sales_rep}">{'First Name': 'Valenka', 'Last Name': 'Tantrum', 'Sales': 137708, 'Sales Target': 65000}</var>
<kw name="Fill and submit the form for one person">
<arg>${sales_rep}</arg>
<kw name="Input Text" library="RPA.Browser.Selenium">
<arg>firstname</arg>
<arg>${sales_rep}[First Name]</arg>
<doc>Types the given ``text`` into the text field identified by ``locator``.</doc>
<msg timestamp="20230417 09:11:12.396" level="INFO">Typing text 'Valenka' into text field 'firstname'.</msg>
<status status="PASS" starttime="20230417 09:11:12.396" endtime="20230417 09:11:12.439"/>
</kw>
<kw name="Input Text" library="RPA.Browser.Selenium">
<arg>lastname</arg>
<arg>${sales_rep}[Last Name]</arg>
<doc>Types the given ``text`` into the text field identified by ``locator``.</doc>
<msg timestamp="20230417 09:11:12.440" level="INFO">Typing text 'Tantrum' into text field 'lastname'.</msg>
<status status="PASS" starttime="20230417 09:11:12.440" endtime="20230417 09:11:12.484"/>
</kw>
<kw name="Input Text" library="RPA.Browser.Selenium">
<arg>salesresult</arg>
<arg>${sales_rep}[Sales]</arg>
<doc>Types the given ``text`` into the text field identified by ``locator``.</doc>
<msg timestamp="20230417 09:11:12.485" level="INFO">Typing text '137708' into text field 'salesresult'.</msg>
<status status="PASS" starttime="20230417 09:11:12.484" endtime="20230417 09:11:12.519"/>
</kw>
<kw name="Select From List By Value" library="RPA.Browser.Selenium">
<arg>salestarget</arg>
<arg>${sales_rep}[Sales Target]</arg>
<doc>Selects options from selection list ``locator`` by ``values``.</doc>
<msg timestamp="20230417 09:11:12.519" level="INFO">Selecting options from selection list 'salestarget' by value 65000.</msg>
<status status="PASS" starttime="20230417 09:11:12.519" endtime="20230417 09:11:12.776"/>
</kw>
<kw name="Click Button" library="RPA.Browser.Selenium">
<arg>Submit</arg>
<doc>Clicks the button identified by ``locator``.</doc>
<msg timestamp="20230417 09:11:12.776" level="INFO">Clicking button 'Submit'.</msg>
<status status="PASS" starttime="20230417 09:11:12.776" endtime="20230417 09:11:12.935"/>
</kw>
<status status="PASS" starttime="20230417 09:11:12.396" endtime="20230417 09:11:12.936"/>
</kw>
<status status="PASS" starttime="20230417 09:11:12.395" endtime="20230417 09:11:12.936"/>
</iter>
<iter>
<var name="${sales_rep}">{'First Name': 'Dorie', 'Last Name': 'Batistelli', 'Sales': 42450, 'Sales Target': 95000}</var>
<kw name="Fill and submit the form for one person">
<arg>${sales_rep}</arg>
<kw name="Input Text" library="RPA.Browser.Selenium">
<arg>firstname</arg>
<arg>${sales_rep}[First Name]</arg>
<doc>Types the given ``text`` into the text field identified by ``locator``.</doc>
<msg timestamp="20230417 09:11:12.937" level="INFO">Typing text 'Dorie' into text field 'firstname'.</msg>
<status status="PASS" starttime="20230417 09:11:12.936" endtime="20230417 09:11:13.002"/>
</kw>
<kw name="Input Text" library="RPA.Browser.Selenium">
<arg>lastname</arg>
<arg>${sales_rep}[Last Name]</arg>
<doc>Types the given ``text`` into the text field identified by ``locator``.</doc>
<msg timestamp="20230417 09:11:13.002" level="INFO">Typing text 'Batistelli' into text field 'lastname'.</msg>
<status status="PASS" starttime="20230417 09:11:13.002" endtime="20230417 09:11:13.065"/>
</kw>
<kw name="Input Text" library="RPA.Browser.Selenium">
<arg>salesresult</arg>
<arg>${sales_rep}[Sales]</arg>
<doc>Types the given ``text`` into the text field identified by ``locator``.</doc>
<msg timestamp="20230417 09:11:13.065" level="INFO">Typing text '42450' into text field 'salesresult'.</msg>
<status status="PASS" starttime="20230417 09:11:13.065" endtime="20230417 09:11:13.100"/>
</kw>
<kw name="Select From List By Value" library="RPA.Browser.Selenium">
<arg>salestarget</arg>
<arg>${sales_rep}[Sales Target]</arg>
<doc>Selects options from selection list ``locator`` by ``values``.</doc>
<msg timestamp="20230417 09:11:13.101" level="INFO">Selecting options from selection list 'salestarget' by value 95000.</msg>
<status status="PASS" starttime="20230417 09:11:13.101" endtime="20230417 09:11:13.340"/>
</kw>
<kw name="Click Button" library="RPA.Browser.Selenium">
<arg>Submit</arg>
<doc>Clicks the button identified by ``locator``.</doc>
<msg timestamp="20230417 09:11:13.341" level="INFO">Clicking button 'Submit'.</msg>
<status status="PASS" starttime="20230417 09:11:13.341" endtime="20230417 09:11:13.508"/>
</kw>
<status status="PASS" starttime="20230417 09:11:12.936" endtime="20230417 09:11:13.508"/>
</kw>
<status status="PASS" starttime="20230417 09:11:12.936" endtime="20230417 09:11:13.509"/>
</iter>
<iter>
<var name="${sales_rep}">{'First Name': 'Abra', 'Last Name': 'Heap', 'Sales': 5937, 'Sales Target': 100000}</var>
<kw name="Fill and submit the form for one person">
<arg>${sales_rep}</arg>
<kw name="Input Text" library="RPA.Browser.Selenium">
<arg>firstname</arg>
<arg>${sales_rep}[First Name]</arg>
<doc>Types the given ``text`` into the text field identified by ``locator``.</doc>
<msg timestamp="20230417 09:11:13.510" level="INFO">Typing text 'Abra' into text field 'firstname'.</msg>
<status status="PASS" starttime="20230417 09:11:13.510" endtime="20230417 09:11:13.565"/>
</kw>
<kw name="Input Text" library="RPA.Browser.Selenium">
<arg>lastname</arg>
<arg>${sales_rep}[Last Name]</arg>
<doc>Types the given ``text`` into the text field identified by ``locator``.</doc>
<msg timestamp="20230417 09:11:13.566" level="INFO">Typing text 'Heap' into text field 'lastname'.</msg>
<status status="PASS" starttime="20230417 09:11:13.565" endtime="20230417 09:11:13.592"/>
</kw>
<kw name="Input Text" library="RPA.Browser.Selenium">
<arg>salesresult</arg>
<arg>${sales_rep}[Sales]</arg>
<doc>Types the given ``text`` into the text field identified by ``locator``.</doc>
<msg timestamp="20230417 09:11:13.593" level="INFO">Typing text '5937' into text field 'salesresult'.</msg>
<status status="PASS" starttime="20230417 09:11:13.592" endtime="20230417 09:11:13.628"/>
</kw>
<kw name="Select From List By Value" library="RPA.Browser.Selenium">
<arg>salestarget</arg>
<arg>${sales_rep}[Sales Target]</arg>
<doc>Selects options from selection list ``locator`` by ``values``.</doc>
<msg timestamp="20230417 09:11:13.629" level="INFO">Selecting options from selection list 'salestarget' by value 100000.</msg>
<status status="PASS" starttime="20230417 09:11:13.628" endtime="20230417 09:11:13.871"/>
</kw>
<kw name="Click Button" library="RPA.Browser.Selenium">
<arg>Submit</arg>
<doc>Clicks the button identified by ``locator``.</doc>
<msg timestamp="20230417 09:11:13.871" level="INFO">Clicking button 'Submit'.</msg>
<status status="PASS" starttime="20230417 09:11:13.871" endtime="20230417 09:11:14.054"/>
</kw>
<status status="PASS" starttime="20230417 09:11:13.509" endtime="20230417 09:11:14.054"/>
</kw>
<status status="PASS" starttime="20230417 09:11:13.509" endtime="20230417 09:11:14.054"/>
</iter>
<iter>
<var name="${sales_rep}">{'First Name': 'Petronille', 'Last Name': 'Lesor', 'Sales': 54805, 'Sales Target': 85000}</var>
<kw name="Fill and submit the form for one person">
<arg>${sales_rep}</arg>
<kw name="Input Text" library="RPA.Browser.Selenium">
<arg>firstname</arg>
<arg>${sales_rep}[First Name]</arg>
<doc>Types the given ``text`` into the text field identified by ``locator``.</doc>
<msg timestamp="20230417 09:11:14.055" level="INFO">Typing text 'Petronille' into text field 'firstname'.</msg>
<status status="PASS" starttime="20230417 09:11:14.055" endtime="20230417 09:11:14.106"/>
</kw>
<kw name="Input Text" library="RPA.Browser.Selenium">
<arg>lastname</arg>
<arg>${sales_rep}[Last Name]</arg>
<doc>Types the given ``text`` into the text field identified by ``locator``.</doc>
<msg timestamp="20230417 09:11:14.107" level="INFO">Typing text 'Lesor' into text field 'lastname'.</msg>
<status status="PASS" starttime="20230417 09:11:14.107" endtime="20230417 09:11:14.140"/>
</kw>
<kw name="Input Text" library="RPA.Browser.Selenium">
<arg>salesresult</arg>
<arg>${sales_rep}[Sales]</arg>
<doc>Types the given ``text`` into the text field identified by ``locator``.</doc>
<msg timestamp="20230417 09:11:14.140" level="INFO">Typing text '54805' into text field 'salesresult'.</msg>
<status status="PASS" starttime="20230417 09:11:14.140" endtime="20230417 09:11:14.172"/>
</kw>
<kw name="Select From List By Value" library="RPA.Browser.Selenium">
<arg>salestarget</arg>
<arg>${sales_rep}[Sales Target]</arg>
<doc>Selects options from selection list ``locator`` by ``values``.</doc>
<msg timestamp="20230417 09:11:14.172" level="INFO">Selecting options from selection list 'salestarget' by value 85000.</msg>
<status status="PASS" starttime="20230417 09:11:14.172" endtime="20230417 09:11:14.445"/>
</kw>
<kw name="Click Button" library="RPA.Browser.Selenium">
<arg>Submit</arg>
<doc>Clicks the button identified by ``locator``.</doc>
<msg timestamp="20230417 09:11:14.446" level="INFO">Clicking button 'Submit'.</msg>
<status status="PASS" starttime="20230417 09:11:14.445" endtime="20230417 09:11:14.605"/>
</kw>
<status status="PASS" starttime="20230417 09:11:14.055" endtime="20230417 09:11:14.605"/>
</kw>
<status status="PASS" starttime="20230417 09:11:14.054" endtime="20230417 09:11:14.606"/>
</iter>
<iter>
<var name="${sales_rep}">{'First Name': 'Vincenty', 'Last Name': 'Stannering', 'Sales': 109884, 'Sales Target': 30000}</var>
<kw name="Fill and submit the form for one person">
<arg>${sales_rep}</arg>
<kw name="Input Text" library="RPA.Browser.Selenium">
<arg>firstname</arg>
<arg>${sales_rep}[First Name]</arg>
<doc>Types the given ``text`` into the text field identified by ``locator``.</doc>
<msg timestamp="20230417 09:11:14.607" level="INFO">Typing text 'Vincenty' into text field 'firstname'.</msg>
<status status="PASS" starttime="20230417 09:11:14.606" endtime="20230417 09:11:14.648"/>
</kw>
<kw name="Input Text" library="RPA.Browser.Selenium">
<arg>lastname</arg>
<arg>${sales_rep}[Last Name]</arg>
<doc>Types the given ``text`` into the text field identified by ``locator``.</doc>
<msg timestamp="20230417 09:11:14.648" level="INFO">Typing text 'Stannering' into text field 'lastname'.</msg>
<status status="PASS" starttime="20230417 09:11:14.648" endtime="20230417 09:11:14.707"/>
</kw>
<kw name="Input Text" library="RPA.Browser.Selenium">
<arg>salesresult</arg>
<arg>${sales_rep}[Sales]</arg>
<doc>Types the given ``text`` into the text field identified by ``locator``.</doc>
<msg timestamp="20230417 09:11:14.707" level="INFO">Typing text '109884' into text field 'salesresult'.</msg>
<status status="PASS" starttime="20230417 09:11:14.707" endtime="20230417 09:11:14.770"/>
</kw>
<kw name="Select From List By Value" library="RPA.Browser.Selenium">
<arg>salestarget</arg>
<arg>${sales_rep}[Sales Target]</arg>
<doc>Selects options from selection list ``locator`` by ``values``.</doc>
<msg timestamp="20230417 09:11:14.770" level="INFO">Selecting options from selection list 'salestarget' by value 30000.</msg>
<status status="PASS" starttime="20230417 09:11:14.770" endtime="20230417 09:11:15.005"/>
</kw>
<kw name="Click Button" library="RPA.Browser.Selenium">
<arg>Submit</arg>
<doc>Clicks the button identified by ``locator``.</doc>
<msg timestamp="20230417 09:11:15.005" level="INFO">Clicking button 'Submit'.</msg>
<status status="PASS" starttime="20230417 09:11:15.005" endtime="20230417 09:11:15.171"/>
</kw>
<status status="PASS" starttime="20230417 09:11:14.606" endtime="20230417 09:11:15.171"/>
</kw>
<status status="PASS" starttime="20230417 09:11:14.606" endtime="20230417 09:11:15.171"/>
</iter>
<status status="PASS" starttime="20230417 09:10:37.373" endtime="20230417 09:11:15.171"/>
</for>
<status status="PASS" starttime="20230417 09:10:37.353" endtime="20230417 09:11:15.171"/>
</kw>
<status status="PASS" starttime="20230417 09:09:53.443" endtime="20230417 09:11:15.173"/>
</test>
<doc>Insert the sales data for the week and export it as a PDF.</doc>
<status status="PASS" starttime="20230417 09:09:39.478" endtime="20230417 09:11:15.178"/>
</suite>
<statistics>
<total>
<stat pass="1" fail="0" skip="0">All Tasks</stat>
</total>
<tag>
</tag>
<suite>
<stat pass="1" fail="0" skip="0" id="s1" name="Rpa1">Rpa1</stat>
</suite>
</statistics>
<errors>
</errors>
</robot>
