<?xml version="1.0" encoding="UTF-8"?>
<robot generator="Robot 5.0.1 (Python 3.11.3 on win32)" generated="20230417 10:28:13.668" rpa="false" schemaversion="3">
<suite id="s1" name="TC2" source="d:\ptdat-batch40\Develop-testcase-on-Robot-Framework\TC2.robot">
<kw name="Open Connection And Log In" type="SETUP">
<kw name="Open Connection" library="SSHLibrary">
<arg>${HOST}</arg>
<arg>timeout=30</arg>
<doc>Opens a new SSH connection to the given ``host`` and ``port``.</doc>
<status status="PASS" starttime="20230417 10:28:14.383" endtime="20230417 10:28:14.384"/>
</kw>
<kw name="Login" library="SSHLibrary">
<arg>${USERNAME}</arg>
<arg>${PASSWORD}</arg>
<doc>Logs into the SSH server with the given ``username`` and ``password``.</doc>
<msg timestamp="20230417 10:28:14.384" level="INFO">Logging into '10.250.176.6:22' as 'nthuong2'.</msg>
<msg timestamp="20230417 10:28:15.678" level="INFO">Read output: Welcome to Ubuntu 16.04.7 LTS (GNU/Linux 4.4.0-62-generic x86_64)

 * Documentation:  https://help.ubuntu.com
 * Management:     https://landscape.canonical.com
 * Support:        https://ubuntu.com/advantage

382 packages can be updated.
284 updates are security updates.


Last login: Mon Apr 17 10:29:14 2023 from 10.250.193.189
nthuong2@ats-vm:~$</msg>
<status status="PASS" starttime="20230417 10:28:14.384" endtime="20230417 10:28:15.678"/>
</kw>
<status status="PASS" starttime="20230417 10:28:14.382" endtime="20230417 10:28:15.678"/>
</kw>
<test id="s1-t1" name="Delete the folder" line="30">
<kw name="Execute Command" library="SSHLibrary">
<arg>rm -r /home/nthuong2/temp</arg>
<doc>Executes ``command`` on the remote machine and returns its outputs.</doc>
<msg timestamp="20230417 10:28:15.682" level="INFO">Executing command 'rm -r /home/nthuong2/temp'.</msg>
<msg timestamp="20230417 10:28:15.714" level="INFO">Command exited with return code 0.</msg>
<status status="PASS" starttime="20230417 10:28:15.681" endtime="20230417 10:28:15.714"/>
</kw>
<kw name="Directory Should Not Exist" library="SSHLibrary">
<arg>/home/nthuong2/temp</arg>
<doc>Fails if the given ``path`` points to an existing directory.</doc>
<msg timestamp="20230417 10:28:15.758" level="INFO">[chan 2] Opened sftp connection (server version 3)</msg>
<status status="PASS" starttime="20230417 10:28:15.728" endtime="20230417 10:28:15.764"/>
</kw>
<status status="PASS" starttime="20230417 10:28:15.679" endtime="20230417 10:28:15.765"/>
</test>
<kw name="Close All Connections" library="SSHLibrary" type="TEARDOWN">
<doc>Closes all open connections.</doc>
<status status="PASS" starttime="20230417 10:28:15.767" endtime="20230417 10:28:15.769"/>
</kw>
<doc>TC2 - ssh to 10.250.176.6(nthuong2/Huong@123)
- create folder /home/nthuong2/temp
- put the runtest.sh to the folder
- check if it put successfull
- delete the folder</doc>
<status status="PASS" starttime="20230417 10:28:13.674" endtime="20230417 10:28:15.769"/>
</suite>
<statistics>
<total>
<stat pass="1" fail="0" skip="0">All Tests</stat>
</total>
<tag>
</tag>
<suite>
<stat pass="1" fail="0" skip="0" id="s1" name="TC2">TC2</stat>
</suite>
</statistics>
<errors>
</errors>
</robot>
