<?xml version="1.0" encoding="UTF-8"?>
<robot generator="Robot 6.0.2 (Python 3.11.3 on win32)" generated="20230419 10:52:14.637" rpa="false" schemaversion="3">
<suite id="s1" name="Tc2 With Python Function" source="d:\ptdat-batch40\Develop-testcase-on-Robot-Framework\tc2 with python function.robot">
<kw name="Open Connection And Log In" type="SETUP">
<kw name="Init" library="function">
<status status="PASS" starttime="20230419 10:52:15.325" endtime="20230419 10:52:15.325"/>
</kw>
<kw name="Connect" library="function">
<arg>${HOST}</arg>
<arg>${USERNAME}</arg>
<arg>${PASSWORD}</arg>
<status status="PASS" starttime="20230419 10:52:15.325" endtime="20230419 10:52:15.554"/>
</kw>
<status status="PASS" starttime="20230419 10:52:15.324" endtime="20230419 10:52:15.554"/>
</kw>
<test id="s1-t1" name="Create folder /home/nthuong2/temp" line="23">
<kw name="Create Folder" library="function">
<arg>/home/nthuong2/temp</arg>
<msg timestamp="20230419 10:52:15.747" level="INFO">[chan 0] Opened sftp connection (server version 3)</msg>
<status status="PASS" starttime="20230419 10:52:15.555" endtime="20230419 10:52:15.754"/>
</kw>
<kw name="Directory Exists" library="function">
<var>${output}</var>
<arg>/home/nthuong2/temp</arg>
<msg timestamp="20230419 10:52:15.785" level="INFO">[chan 1] Opened sftp connection (server version 3)</msg>
<msg timestamp="20230419 10:52:15.794" level="INFO">${output} = Directory exists</msg>
<status status="PASS" starttime="20230419 10:52:15.754" endtime="20230419 10:52:15.794"/>
</kw>
<kw name="Log To Console" library="BuiltIn">
<arg>${output}</arg>
<doc>Logs the given message to the console.</doc>
<status status="PASS" starttime="20230419 10:52:15.795" endtime="20230419 10:52:15.796"/>
</kw>
<status status="PASS" starttime="20230419 10:52:15.554" endtime="20230419 10:52:15.798"/>
</test>
<test id="s1-t2" name="Put the runtest.sh to the folder" line="28">
<kw name="Put The File" library="function">
<arg>runtest.sh</arg>
<arg>/home/nthuong2/temp/runtest.sh</arg>
<msg timestamp="20230419 10:52:15.827" level="INFO">[chan 2] Opened sftp connection (server version 3)</msg>
<status status="PASS" starttime="20230419 10:52:15.802" endtime="20230419 10:52:15.844"/>
</kw>
<kw name="File Exists" library="function">
<var>${output}</var>
<arg>/home/nthuong2/temp/runtest.sh</arg>
<msg timestamp="20230419 10:52:15.866" level="INFO">[chan 3] Opened sftp connection (server version 3)</msg>
<msg timestamp="20230419 10:52:15.873" level="INFO">${output} = File exists!</msg>
<status status="PASS" starttime="20230419 10:52:15.845" endtime="20230419 10:52:15.873"/>
</kw>
<kw name="Log To Console" library="BuiltIn">
<arg>${output}</arg>
<doc>Logs the given message to the console.</doc>
<status status="PASS" starttime="20230419 10:52:15.875" endtime="20230419 10:52:15.876"/>
</kw>
<status status="PASS" starttime="20230419 10:52:15.801" endtime="20230419 10:52:15.877"/>
</test>
<test id="s1-t3" name="Delete the folder" line="33">
<kw name="Exec Cmd" library="function">
<arg>rm -r /home/nthuong2/temp</arg>
<status status="PASS" starttime="20230419 10:52:15.920" endtime="20230419 10:52:15.938"/>
</kw>
<kw name="Directory Exists" library="function">
<var>${output}</var>
<arg>/home/nthuong2/temp</arg>
<msg timestamp="20230419 10:52:15.997" level="INFO">[chan 5] Opened sftp connection (server version 3)</msg>
<msg timestamp="20230419 10:52:16.003" level="INFO">${output} = Directory not exists</msg>
<status status="PASS" starttime="20230419 10:52:15.938" endtime="20230419 10:52:16.003"/>
</kw>
<kw name="Log To Console" library="BuiltIn">
<arg>${output}</arg>
<doc>Logs the given message to the console.</doc>
<status status="PASS" starttime="20230419 10:52:16.004" endtime="20230419 10:52:16.005"/>
</kw>
<status status="PASS" starttime="20230419 10:52:15.913" endtime="20230419 10:52:16.006"/>
</test>
<kw name="Close Connect" library="function" type="TEARDOWN">
<status status="PASS" starttime="20230419 10:52:16.011" endtime="20230419 10:52:16.012"/>
</kw>
<doc>TC2 - ssh to 10.250.176.6(nthuong2/Huong@123)
- create folder /home/nthuong2/temp
- put the runtest.sh to the folder
- check if it put successfull
- delete the folder</doc>
<status status="PASS" starttime="20230419 10:52:14.644" endtime="20230419 10:52:16.012"/>
</suite>
<statistics>
<total>
<stat pass="3" fail="0" skip="0">All Tests</stat>
</total>
<tag>
</tag>
<suite>
<stat pass="3" fail="0" skip="0" id="s1" name="Tc2 With Python Function">Tc2 With Python Function</stat>
</suite>
</statistics>
<errors>
</errors>
</robot>
